This is pdfTeX, Version 3.14159265-2.6-1.40.20 (MiKTeX 2.9.7200 64-bit) (preloaded format=pdflatex 2019.10.31)  1 NOV 2019 02:06
entering extended mode
**./Elsart_KwAngle18.10.19.tex
(Elsart_KwAngle18.10.19.tex
LaTeX2e <2019-10-01> patch level 1
(D:\MikTeX\tex/latex/elsarticle\elsarticle.cls
Document Class: elsarticle 2019/02/25, 3.2: Elsevier Ltd
\@bls=\dimen102
(D:\MikTeX\tex/latex/base\article.cls
Document Class: article 2019/08/27 v1.4j Standard LaTeX document class
(D:\MikTeX\tex/latex/base\size10.clo
File: size10.clo 2019/08/27 v1.4j Standard LaTeX file (size option)
)
\c@part=\count80
\c@section=\count81
\c@subsection=\count82
\c@subsubsection=\count83
\c@paragraph=\count84
\c@subparagraph=\count85
\c@figure=\count86
\c@table=\count87
\abovecaptionskip=\skip41
\belowcaptionskip=\skip42
\bibindent=\dimen103
)
(D:\MikTeX\tex/latex/graphics\graphicx.sty
Package: graphicx 2017/06/01 v1.1a Enhanced LaTeX Graphics (DPC,SPQR)

(D:\MikTeX\tex/latex/graphics\keyval.sty
Package: keyval 2014/10/28 v1.15 key=value parser (DPC)
\KV@toks@=\toks14
)
(D:\MikTeX\tex/latex/graphics\graphics.sty
Package: graphics 2019/10/08 v1.3c Standard LaTeX Graphics (DPC,SPQR)

(D:\MikTeX\tex/latex/graphics\trig.sty
Package: trig 2016/01/03 v1.10 sin cos tan (DPC)
)
(D:\MikTeX\tex/latex/graphics-cfg\graphics.cfg
File: graphics.cfg 2016/06/04 v1.11 sample graphics configuration
)
Package graphics Info: Driver file: pdftex.def on input line 105.

(D:\MikTeX\tex/latex/graphics-def\pdftex.def
File: pdftex.def 2018/01/08 v1.0l Graphics/color driver for pdftex
))
\Gin@req@height=\dimen104
\Gin@req@width=\dimen105
)
\c@tnote=\count88
\c@fnote=\count89
\c@cnote=\count90
\c@ead=\count91
\c@author=\count92
\@eadauthor=\toks15
\c@affn=\count93
\absbox=\box27
\elsarticlehighlightsbox=\box28
\elsarticlegrabsbox=\box29
\keybox=\box30
\Columnwidth=\dimen106
\space@left=\dimen107
\els@boxa=\box31
\els@boxb=\box32
\leftMargin=\dimen108
\@enLab=\toks16
\@sep=\skip43
\@@sep=\skip44
 (Elsart_KwAngle18.10.19.spl)
(D:\MikTeX\tex/latex/natbib\natbib.sty
Package: natbib 2010/09/13 8.31b (PWD, AO)
\bibhang=\skip45
\bibsep=\skip46
LaTeX Info: Redefining \cite on input line 694.
\c@NAT@ctr=\count94
)
\splwrite=\write3
\openout3 = `Elsart_KwAngle18.10.19.spl'.


(D:\MikTeX\tex/latex/geometry\geometry.sty
Package: geometry 2018/04/16 v5.8 Page Geometry

(D:\MikTeX\tex/generic/oberdiek\ifpdf.sty
Package: ifpdf 2018/09/07 v3.3 Provides the ifpdf switch
)
(D:\MikTeX\tex/generic/oberdiek\ifvtex.sty
Package: ifvtex 2016/05/16 v1.6 Detect VTeX and its facilities (HO)
Package ifvtex Info: VTeX not detected.
)
(D:\MikTeX\tex/generic/ifxetex\ifxetex.sty
Package: ifxetex 2010/09/12 v0.6 Provides ifxetex conditional
)
\Gm@cnth=\count95
\Gm@cntv=\count96
\c@Gm@tempcnt=\count97
\Gm@bindingoffset=\dimen109
\Gm@wd@mp=\dimen110
\Gm@odd@mp=\dimen111
\Gm@even@mp=\dimen112
\Gm@layoutwidth=\dimen113
\Gm@layoutheight=\dimen114
\Gm@layouthoffset=\dimen115
\Gm@layoutvoffset=\dimen116
\Gm@dimlist=\toks17

(D:\MikTeX\tex/latex/geometry\geometry.cfg))
\appnamewidth=\dimen117
)
(D:\MikTeX\tex/latex/tex-gyre\tgpagella.sty
Package: tgpagella 2009/09/27 v1.2 TeX Gyre Pagella as default roman family

(D:\MikTeX\tex/latex/oberdiek\kvoptions.sty
Package: kvoptions 2016/05/16 v3.12 Key value format for package options (HO)

(D:\MikTeX\tex/generic/oberdiek\ltxcmds.sty
Package: ltxcmds 2016/05/16 v1.23 LaTeX kernel commands for general use (HO)
)
(D:\MikTeX\tex/generic/oberdiek\kvsetkeys.sty
Package: kvsetkeys 2016/05/16 v1.17 Key value parser (HO)

(D:\MikTeX\tex/generic/oberdiek\infwarerr.sty
Package: infwarerr 2016/05/16 v1.4 Providing info/warning/error messages (HO)
)
(D:\MikTeX\tex/generic/oberdiek\etexcmds.sty
Package: etexcmds 2016/05/16 v1.6 Avoid name clashes with e-TeX commands (HO)

(D:\MikTeX\tex/generic/oberdiek\ifluatex.sty
Package: ifluatex 2016/05/16 v1.4 Provides the ifluatex switch (HO)
Package ifluatex Info: LuaTeX not detected.
)))))
(D:\MikTeX\tex/latex/caption\subcaption.sty
Package: subcaption 2019/09/01 v1.3a Sub-captions (AR)

(D:\MikTeX\tex/latex/caption\caption.sty
Package: caption 2019/09/01 v3.3d Customizing captions (AR)

(D:\MikTeX\tex/latex/caption\caption3.sty
Package: caption3 2019/09/01 v1.8d caption3 kernel (AR)
Package caption3 Info: TeX engine: e-TeX on input line 64.
\captionmargin=\dimen118
\captionmargin@=\dimen119
\captionwidth=\dimen120
\caption@tempdima=\dimen121
\caption@indent=\dimen122
\caption@parindent=\dimen123
\caption@hangindent=\dimen124
)
\c@caption@flags=\count98
\c@ContinuedFloat=\count99
)
\c@subfigure=\count100
\c@subtable=\count101
)
(D:\MikTeX\tex/latex/hyperref\hyperref.sty
Package: hyperref 2019/09/28 v7.00a Hypertext links for LaTeX

(D:\MikTeX\tex/generic/oberdiek\hobsub-hyperref.sty
Package: hobsub-hyperref 2016/05/16 v1.14 Bundle oberdiek, subset hyperref (HO)


(D:\MikTeX\tex/generic/oberdiek\hobsub-generic.sty
Package: hobsub-generic 2016/05/16 v1.14 Bundle oberdiek, subset generic (HO)
Package: hobsub 2016/05/16 v1.14 Construct package bundles (HO)
Package hobsub Info: Skipping package `infwarerr' (already loaded).
Package hobsub Info: Skipping package `ltxcmds' (already loaded).
Package hobsub Info: Skipping package `ifluatex' (already loaded).
Package hobsub Info: Skipping package `ifvtex' (already loaded).
Package: intcalc 2016/05/16 v1.2 Expandable calculations with integers (HO)
Package hobsub Info: Skipping package `ifpdf' (already loaded).
Package hobsub Info: Skipping package `etexcmds' (already loaded).
Package hobsub Info: Skipping package `kvsetkeys' (already loaded).
Package: kvdefinekeys 2016/05/16 v1.4 Define keys (HO)
Package: pdftexcmds 2019/07/25 v0.30 Utility functions of pdfTeX for LuaTeX (HO
)
Package pdftexcmds Info: LuaTeX not detected.
Package pdftexcmds Info: \pdf@primitive is available.
Package pdftexcmds Info: \pdf@ifprimitive is available.
Package pdftexcmds Info: \pdfdraftmode found.
Package: pdfescape 2016/05/16 v1.14 Implements pdfTeX's escape features (HO)
Package: bigintcalc 2016/05/16 v1.4 Expandable calculations on big integers (HO
)
Package: bitset 2016/05/16 v1.2 Handle bit-vector datatype (HO)
Package: uniquecounter 2016/05/16 v1.3 Provide unlimited unique counter (HO)
)
Package hobsub Info: Skipping package `hobsub' (already loaded).
Package: letltxmacro 2016/05/16 v1.5 Let assignment for LaTeX macros (HO)
Package: hopatch 2016/05/16 v1.3 Wrapper for package hooks (HO)
Package: xcolor-patch 2016/05/16 xcolor patch
Package: atveryend 2016/05/16 v1.9 Hooks at the very end of document (HO)
Package atveryend Info: \enddocument detected (standard20110627).
Package: atbegshi 2016/06/09 v1.18 At begin shipout hook (HO)
Package: refcount 2016/05/16 v3.5 Data extraction from label references (HO)
Package: hycolor 2016/05/16 v1.8 Color options for hyperref/bookmark (HO)
)
(D:\MikTeX\tex/latex/oberdiek\auxhook.sty
Package: auxhook 2016/05/16 v1.4 Hooks for auxiliary files (HO)
)
\@linkdim=\dimen125
\Hy@linkcounter=\count102
\Hy@pagecounter=\count103

(D:\MikTeX\tex/latex/hyperref\pd1enc.def
File: pd1enc.def 2019/09/28 v7.00a Hyperref: PDFDocEncoding definition (HO)
Now handling font encoding PD1 ...
... no UTF-8 mapping file for font encoding PD1
)
\Hy@SavedSpaceFactor=\count104

(D:\MikTeX\tex/latex/00miktex\hyperref.cfg
File: hyperref.cfg 2002/06/06 v1.2 hyperref configuration of TeXLive
)
Package hyperref Info: Hyper figures OFF on input line 4540.
Package hyperref Info: Link nesting OFF on input line 4545.
Package hyperref Info: Hyper index ON on input line 4548.
Package hyperref Info: Plain pages OFF on input line 4555.
Package hyperref Info: Backreferencing OFF on input line 4560.
Package hyperref Info: Implicit mode ON; LaTeX internals redefined.
Package hyperref Info: Bookmarks ON on input line 4793.
\c@Hy@tempcnt=\count105
 (D:\MikTeX\tex/latex/url\url.sty
\Urlmuskip=\muskip10
Package: url 2013/09/16  ver 3.4  Verb mode for urls, etc.
)
LaTeX Info: Redefining \url on input line 5152.
\XeTeXLinkMargin=\dimen126
\Fld@menulength=\count106
\Field@Width=\dimen127
\Fld@charsize=\dimen128
Package hyperref Info: Hyper figures OFF on input line 6423.
Package hyperref Info: Link nesting OFF on input line 6428.
Package hyperref Info: Hyper index ON on input line 6431.
Package hyperref Info: backreferencing OFF on input line 6438.
Package hyperref Info: Link coloring OFF on input line 6443.
Package hyperref Info: Link coloring with OCG OFF on input line 6448.
Package hyperref Info: PDF/A mode OFF on input line 6453.
LaTeX Info: Redefining \ref on input line 6493.
LaTeX Info: Redefining \pageref on input line 6497.
\Hy@abspage=\count107
\c@Item=\count108
\c@Hfootnote=\count109
)
Package hyperref Info: Driver (autodetected): hpdftex.

(D:\MikTeX\tex/latex/hyperref\hpdftex.def
File: hpdftex.def 2019/09/28 v7.00a Hyperref driver for pdfTeX
\Fld@listcount=\count110
\c@bookmark@seq@number=\count111

(D:\MikTeX\tex/latex/oberdiek\rerunfilecheck.sty
Package: rerunfilecheck 2016/05/16 v1.8 Rerun checks for auxiliary files (HO)
Package uniquecounter Info: New unique counter `rerunfilecheck' on input line 2
82.
)
\Hy@SectionHShift=\skip47
)
Package hyperref Info: Option `colorlinks' set `true' on input line 13.

(D:\MikTeX\tex/latex/xcolor\xcolor.sty
Package: xcolor 2016/05/11 v2.12 LaTeX color extensions (UK)

(D:\MikTeX\tex/latex/graphics-cfg\color.cfg
File: color.cfg 2016/01/02 v1.6 sample color configuration
)
Package xcolor Info: Driver file: pdftex.def on input line 225.

(D:\MikTeX\tex/latex/colortbl\colortbl.sty
Package: colortbl 2018/12/12 v1.0d Color table columns (DPC)
 (D:\MikTeX\tex/latex/tools\array.sty
Package: array 2019/08/31 v2.4l Tabular extension package (FMi)
\col@sep=\dimen129
\ar@mcellbox=\box33
\extrarowheight=\dimen130
\NC@list=\toks18
\extratabsurround=\skip48
\backup@length=\skip49
\ar@cellbox=\box34
)
\everycr=\toks19
\minrowclearance=\skip50
)
\rownum=\count112
Package xcolor Info: Model `cmy' substituted by `cmy0' on input line 1348.
Package xcolor Info: Model `hsb' substituted by `rgb' on input line 1352.
Package xcolor Info: Model `RGB' extended on input line 1364.
Package xcolor Info: Model `HTML' substituted by `rgb' on input line 1366.
Package xcolor Info: Model `Hsb' substituted by `hsb' on input line 1367.
Package xcolor Info: Model `tHsb' substituted by `hsb' on input line 1368.
Package xcolor Info: Model `HSB' substituted by `hsb' on input line 1369.
Package xcolor Info: Model `Gray' substituted by `gray' on input line 1370.
Package xcolor Info: Model `wave' substituted by `hsb' on input line 1371.
 (D:\MikTeX\tex/latex/graphics\dvipsnam.def
File: dvipsnam.def 2016/06/17 v3.0m Driver-dependent file (DPC,SPQR)
))
(D:\MikTeX\tex/latex/algorithm2e\algorithm2e.sty
Package: algorithm2e 2017/07/18 v5.2 algorithms environments
\c@AlgoLine=\count113

(D:\MikTeX\tex/latex/base\ifthen.sty
Package: ifthen 2014/09/29 v1.1c Standard LaTeX ifthen package (DPC)
)
\algocf@hangindent=\skip51

(D:\MikTeX\tex/latex/ifoddpage\ifoddpage.sty
Package: ifoddpage 2016/04/23 v1.1 Conditionals for odd/even page detection
\c@checkoddpage=\count114
)
(D:\MikTeX\tex/latex/tools\xspace.sty
Package: xspace 2014/10/28 v1.13 Space after command names (DPC,MH)
) (D:\MikTeX\tex/latex/relsize\relsize.sty
Package: relsize 2013/03/29 ver 4.1
)
\skiptotal=\skip52
\skiplinenumber=\skip53
\skiprule=\skip54
\skiphlne=\skip55
\skiptext=\skip56
\skiplength=\skip57
\algomargin=\skip58
\skipalgocfslide=\skip59
\algowidth=\dimen131
\inoutsize=\dimen132
\inoutindent=\dimen133
\interspacetitleruled=\dimen134
\interspacealgoruled=\dimen135
\interspacetitleboxruled=\dimen136
\algocf@ruledwidth=\skip60
\algocf@inoutbox=\box35
\algocf@inputbox=\box36
\AlCapSkip=\skip61
\AlCapHSkip=\skip62
\algoskipindent=\skip63
\algocf@nlbox=\box37
\algocf@hangingbox=\box38
\algocf@untilbox=\box39
\algocf@skipuntil=\skip64
\algocf@capbox=\box40
\algocf@lcaptionbox=\skip65
\algoheightruledefault=\skip66
\algoheightrule=\skip67
\algotitleheightruledefault=\skip68
\algotitleheightrule=\skip69
\c@algocfline=\count115
\c@algocfproc=\count116
\c@algocf=\count117
\algocf@algoframe=\box41
\algocf@algobox=\box42
) (D:\MikTeX\tex/latex/amsmath\amsmath.sty
Package: amsmath 2019/04/01 v2.17c AMS math features
\@mathmargin=\skip70

For additional information on amsmath, use the `?' option.
(D:\MikTeX\tex/latex/amsmath\amstext.sty
Package: amstext 2000/06/29 v2.01 AMS text

(D:\MikTeX\tex/latex/amsmath\amsgen.sty
File: amsgen.sty 1999/11/30 v2.0 generic functions
\@emptytoks=\toks20
\ex@=\dimen137
))
(D:\MikTeX\tex/latex/amsmath\amsbsy.sty
Package: amsbsy 1999/11/29 v1.2d Bold Symbols
\pmbraise@=\dimen138
)
(D:\MikTeX\tex/latex/amsmath\amsopn.sty
Package: amsopn 2016/03/08 v2.02 operator names
)
\inf@bad=\count118
LaTeX Info: Redefining \frac on input line 227.
\uproot@=\count119
\leftroot@=\count120
LaTeX Info: Redefining \overline on input line 389.
\classnum@=\count121
\DOTSCASE@=\count122
LaTeX Info: Redefining \ldots on input line 486.
LaTeX Info: Redefining \dots on input line 489.
LaTeX Info: Redefining \cdots on input line 610.
\Mathstrutbox@=\box43
\strutbox@=\box44
\big@size=\dimen139
LaTeX Font Info:    Redeclaring font encoding OML on input line 733.
LaTeX Font Info:    Redeclaring font encoding OMS on input line 734.
\macc@depth=\count123
\c@MaxMatrixCols=\count124
\dotsspace@=\muskip11
\c@parentequation=\count125
\dspbrk@lvl=\count126
\tag@help=\toks21
\row@=\count127
\column@=\count128
\maxfields@=\count129
\andhelp@=\toks22
\eqnshift@=\dimen140
\alignsep@=\dimen141
\tagshift@=\dimen142
\tagwidth@=\dimen143
\totwidth@=\dimen144
\lineht@=\dimen145
\@envbody=\toks23
\multlinegap=\skip71
\multlinetaggap=\skip72
\mathdisplay@stack=\toks24
LaTeX Info: Redefining \[ on input line 2855.
LaTeX Info: Redefining \] on input line 2856.
)
(D:\MikTeX\tex/latex/amsfonts\amssymb.sty
Package: amssymb 2013/01/14 v3.01 AMS font symbols

(D:\MikTeX\tex/latex/amsfonts\amsfonts.sty
Package: amsfonts 2013/01/14 v3.01 Basic AMSFonts support
\symAMSa=\mathgroup4
\symAMSb=\mathgroup5
LaTeX Font Info:    Redeclaring math symbol \hbar on input line 98.
LaTeX Font Info:    Overwriting math alphabet `\mathfrak' in version `bold'
(Font)                  U/euf/m/n --> U/euf/b/n on input line 106.
))
\c@thr=\count130
\c@df=\count131
\c@pf=\count132

(D:\MikTeX\tex/latex/scalerel\scalerel.sty
Package: scalerel 2016/12/29 v1.8 Routines for constrained scaling and stretchi
ng of objects, relative to a reference object or in absolute terms
 (D:\MikTeX\tex/latex/tools\calc.sty
Package: calc 2017/05/25 v4.3 Infix arithmetic (KKT,FJ)
\calc@Acount=\count133
\calc@Bcount=\count134
\calc@Adimen=\dimen146
\calc@Bdimen=\dimen147
\calc@Askip=\skip73
\calc@Bskip=\skip74
LaTeX Info: Redefining \setlength on input line 80.
LaTeX Info: Redefining \addtolength on input line 81.
\calc@Ccount=\count135
\calc@Cskip=\skip75
) (D:\MikTeX\tex/latex/etoolbox\etoolbox.sty
Package: etoolbox 2019/09/21 v2.5h e-TeX tools for LaTeX (JAW)
\etb@tempcnta=\count136
)
\thesrwidth=\skip76
\thesrheight=\skip77
\srblobheight=\skip78
\srblobdepth=\skip79
\mnxsrwidth=\skip80
\LMex=\skip81
\LMpt=\skip82
) (Elsart_KwAngle18.10.19.aux

LaTeX Warning: Label `fig:' multiply defined.


LaTeX Warning: Label `fig:' multiply defined.


LaTeX Warning: Label `fig:' multiply defined.


LaTeX Warning: Label `fig:' multiply defined.


LaTeX Warning: Label `fig:' multiply defined.


LaTeX Warning: Label `fig:' multiply defined.

)
\openout1 = `Elsart_KwAngle18.10.19.aux'.

LaTeX Font Info:    Checking defaults for OML/cmm/m/it on input line 65.
LaTeX Font Info:    ... okay on input line 65.
LaTeX Font Info:    Checking defaults for T1/cmr/m/n on input line 65.
LaTeX Font Info:    ... okay on input line 65.
LaTeX Font Info:    Checking defaults for OT1/cmr/m/n on input line 65.
LaTeX Font Info:    ... okay on input line 65.
LaTeX Font Info:    Checking defaults for OMS/cmsy/m/n on input line 65.
LaTeX Font Info:    ... okay on input line 65.
LaTeX Font Info:    Checking defaults for OMX/cmex/m/n on input line 65.
LaTeX Font Info:    ... okay on input line 65.
LaTeX Font Info:    Checking defaults for U/cmr/m/n on input line 65.
LaTeX Font Info:    ... okay on input line 65.
LaTeX Font Info:    Checking defaults for PD1/pdf/m/n on input line 65.
LaTeX Font Info:    ... okay on input line 65.
LaTeX Font Info:    Trying to load font information for OT1+qpl on input line 6
5.
 (D:\MikTeX\tex/latex/tex-gyre\ot1qpl.fd
File: ot1qpl.fd 2009/09/25 v1.2 font definition file for OT1/qpl
)
(D:\MikTeX\tex/context/base/mkii\supp-pdf.mkii
[Loading MPS to PDF converter (version 2006.09.02).]
\scratchcounter=\count137
\scratchdimen=\dimen148
\scratchbox=\box45
\nofMPsegments=\count138
\nofMParguments=\count139
\everyMPshowfont=\toks25
\MPscratchCnt=\count140
\MPscratchDim=\dimen149
\MPnumerator=\count141
\makeMPintoPDFobject=\count142
\everyMPtoPDFconversion=\toks26
) (D:\MikTeX\tex/latex/oberdiek\epstopdf-base.sty
Package: epstopdf-base 2016/05/15 v2.6 Base part for package epstopdf

(D:\MikTeX\tex/latex/oberdiek\grfext.sty
Package: grfext 2016/05/16 v1.2 Manage graphics extensions (HO)
)
Package epstopdf-base Info: Redefining graphics rule for `.eps' on input line 4
38.
Package grfext Info: Graphics extension search list:
(grfext)             [.pdf,.png,.jpg,.mps,.jpeg,.jbig2,.jb2,.PDF,.PNG,.JPG,.JPE
G,.JBIG2,.JB2,.eps]
(grfext)             \AppendGraphicsExtensions on input line 456.
)
*geometry* driver: auto-detecting
*geometry* detected driver: pdftex
*geometry* verbose mode - [ preamble ] result:
* driver: pdftex
* paper: custom
* layout: <same size as paper>
* layoutoffset:(h,v)=(0.0pt,0.0pt)
* hratio: 1:1
* vratio: 1:1
* modes: 
* h-part:(L,W,R)=(64.75394pt, 468.0pt, 64.75394pt)
* v-part:(T,H,B)=(111.52342pt, 622.0pt, 111.52342pt)
* \paperwidth=597.50787pt
* \paperheight=845.04684pt
* \textwidth=468.0pt
* \textheight=622.0pt
* \oddsidemargin=-7.51605pt
* \evensidemargin=-7.51605pt
* \topmargin=-22.74657pt
* \headheight=50.0pt
* \headsep=12.0pt
* \topskip=10.0pt
* \footskip=18.0pt
* \marginparwidth=65.0pt
* \marginparsep=11.0pt
* \columnsep=24.0pt
* \skip\footins=24.0pt plus 2.0pt minus 12.0pt
* \hoffset=0.0pt
* \voffset=0.0pt
* \mag=1000
* \@twocolumnfalse
* \@twosidefalse
* \@mparswitchfalse
* \@reversemarginfalse
* (1in=72.27pt=25.4mm, 1cm=28.453pt)

Package caption Info: Begin \AtBeginDocument code.
Package caption Info: hyperref package is loaded.
Package caption Info: End \AtBeginDocument code.
\AtBeginShipoutBox=\box46
Package hyperref Info: Link coloring ON on input line 65.
(D:\MikTeX\tex/latex/hyperref\nameref.sty
Package: nameref 2019/09/16 v2.46 Cross-referencing by name of section

(D:\MikTeX\tex/generic/oberdiek\gettitlestring.sty
Package: gettitlestring 2016/05/16 v1.5 Cleanup title references (HO)
)
\c@section@level=\count143
)
LaTeX Info: Redefining \ref on input line 65.
LaTeX Info: Redefining \pageref on input line 65.
LaTeX Info: Redefining \nameref on input line 65.

(Elsart_KwAngle18.10.19.out) (Elsart_KwAngle18.10.19.out)
\@outlinefile=\write4
\openout4 = `Elsart_KwAngle18.10.19.out'.

LaTeX Font Info:    Trying to load font information for U+msa on input line 90.


(D:\MikTeX\tex/latex/amsfonts\umsa.fd
File: umsa.fd 2013/01/14 v3.01 AMS symbols A
)
LaTeX Font Info:    Trying to load font information for U+msb on input line 90.

 (D:\MikTeX\tex/latex/amsfonts\umsb.fd
File: umsb.fd 2013/01/14 v3.01 AMS symbols B
)
Overfull \hbox (1.49048pt too wide) in paragraph at lines 92--93
[]\OT1/qpl/m/n/10 Recently, with mul-ti-me-dia tech-nique de-vel-op-ment, wire-
less cam-era sen-sor net-works (WCSN) have drawn
 []


Overfull \hbox (1.67pt too wide) has occurred while \output is active
[] 
 []

[1

{C:/Users/Admin/AppData/Local/MiKTeX/2.9/pdftex/config/pdftex.map}]
LaTeX Font Info:    Trying to load font information for OMS+qpl on input line 1
10.
LaTeX Font Info:    No file OMSqpl.fd. on input line 110.


LaTeX Font Warning: Font shape `OMS/qpl/m/n' undefined
(Font)              using `OMS/cmsy/m/n' instead
(Font)              for symbol `textbullet' on input line 110.

[2] (related_works.tex
<wrongDijstra.pdf, id=133, 441.54361pt x 193.90543pt>
File: wrongDijstra.pdf Graphic file (type pdf)
<use wrongDijstra.pdf>
Package pdftex.def Info: wrongDijstra.pdf  used on input line 12.
(pdftex.def)             Requested size: 264.9282pt x 116.34415pt.
<komega.pdf, id=136, 293.11307pt x 288.23483pt>
File: komega.pdf Graphic file (type pdf)
<use komega.pdf>
Package pdftex.def Info: komega.pdf  used on input line 20.
(pdftex.def)             Requested size: 175.86919pt x 172.94221pt.
 [3]) (theorem_version3.tex
<Hinhanh/safe-region.pdf, id=173, 396.88979pt x 226.46106pt>
File: Hinhanh/safe-region.pdf Graphic file (type pdf)
<use Hinhanh/safe-region.pdf>
Package pdftex.def Info: Hinhanh/safe-region.pdf  used on input line 18.
(pdftex.def)             Requested size: 198.4444pt x 113.23026pt.
 [4] [5 <./wrongDijstra.pdf> <./komega.pdf>]
<innersafe.pdf, id=222, 233.58267pt x 201.1485pt>
File: innersafe.pdf Graphic file (type pdf)
<use innersafe.pdf>
Package pdftex.def Info: innersafe.pdf  used on input line 40.
(pdftex.def)             Requested size: 140.15068pt x 120.69002pt.
 [6 <./Hinhanh/safe-region.pdf> <./innersafe.pdf>]
<Hinhanh/multipleview-region.pdf, id=253, 482.73651pt x 445.4462pt>
File: Hinhanh/multipleview-region.pdf Graphic file (type pdf)
<use Hinhanh/multipleview-region.pdf>
Package pdftex.def Info: Hinhanh/multipleview-region.pdf  used on input line 66
.
(pdftex.def)             Requested size: 289.64413pt x 267.26978pt.
)
(preliminaries.tex
Overfull \hbox (22.08734pt too wide) in paragraph at lines 63--3
\OT1/qpl/m/n/10 Figure [][]5[][] is an il-lus-tra-tion of this the-o-rem. By th
at, the shadow area is the ($\OT1/cmr/m/n/10 5\OML/cmm/m/it/10 ; \OT1/cmr/m/n/1
0 60[]$\OT1/qpl/m/n/10 ) re-gion of $\OML/cmm/m/it/10 L \OT1/cmr/m/n/10 = \OMS/
qpl/m/n/10 f\OML/cmm/m/it/10 S[]; S[]; S[]; S[]; S[]\OMS/qpl/m/n/10 g$\OT1/qpl/
m/n/10 .
 []

[7 <./Hinhanh/multipleview-region.pdf>]
<groupSensor_Version2.pdf, id=274, 235.87323pt x 237.35175pt>
File: groupSensor_Version2.pdf Graphic file (type pdf)
<use groupSensor_Version2.pdf>
Package pdftex.def Info: groupSensor_Version2.pdf  used on input line 30.
(pdftex.def)             Requested size: 176.90448pt x 178.01335pt.
<exposure.pdf, id=275, 341.6223pt x 341.97562pt>
File: exposure.pdf Graphic file (type pdf)
<use exposure.pdf>
Package pdftex.def Info: exposure.pdf  used on input line 34.
(pdftex.def)             Requested size: 204.97496pt x 205.18694pt.
 [8 <./groupSensor_Version2.pdf> <./exposure.pdf>]
Overfull \hbox (15.93369pt too wide) in paragraph at lines 64--65
[]\OT1/qpl/m/n/10 In short, the cov-er-age on a part of a cer-tain set of sen-s
ors is cal-cu-lated from the largest value of $[]\OML/cmm/m/it/10 d$
 []

<Hinhanh/lookup-table.pdf, id=324, 367.50299pt x 367.60338pt>
File: Hinhanh/lookup-table.pdf Graphic file (type pdf)
<use Hinhanh/lookup-table.pdf>
Package pdftex.def Info: Hinhanh/lookup-table.pdf  used on input line 91.
(pdftex.def)             Requested size: 367.50208pt x 367.60248pt.
) (ProblemFormulation.tex

Package hyperref Warning: Token not allowed in a PDF string (PDFDocEncoding):
(hyperref)                removing `math shift' on input line 1.


Package hyperref Warning: Token not allowed in a PDF string (PDFDocEncoding):
(hyperref)                removing `\omega' on input line 1.


Package hyperref Warning: Token not allowed in a PDF string (PDFDocEncoding):
(hyperref)                removing `math shift' on input line 1.

[9] [10 <./Hinhanh/lookup-table.pdf>]
<Hinhanh/sensing-model.pdf, id=365, 458.74086pt x 327.51761pt>
File: Hinhanh/sensing-model.pdf Graphic file (type pdf)
<use Hinhanh/sensing-model.pdf>
Package pdftex.def Info: Hinhanh/sensing-model.pdf  used on input line 10.
(pdftex.def)             Requested size: 321.11641pt x 229.26076pt.
 [11 <./Hinhanh/sensing-model.pdf>])
(section1.tex [12]
<setSensors_1.pdf, id=385, 315.8771pt x 290.85262pt>
File: setSensors_1.pdf Graphic file (type pdf)
<use setSensors_1.pdf>
Package pdftex.def Info: setSensors_1.pdf  used on input line 26.
(pdftex.def)             Requested size: 157.93816pt x 145.42595pt.

Overfull \hbox (17.53673pt too wide) in paragraph at lines 26--27
[][] 
 []

<setSensors_2.pdf, id=386, 315.8771pt x 290.85262pt>
File: setSensors_2.pdf Graphic file (type pdf)
<use setSensors_2.pdf>
Package pdftex.def Info: setSensors_2.pdf  used on input line 30.
(pdftex.def)             Requested size: 157.93816pt x 145.42595pt.

Overfull \hbox (17.53673pt too wide) in paragraph at lines 30--31
[][] 
 []

<setSensors_3.pdf, id=387, 316.27762pt x 290.85262pt>
File: setSensors_3.pdf Graphic file (type pdf)
<use setSensors_3.pdf>
Package pdftex.def Info: setSensors_3.pdf  used on input line 34.
(pdftex.def)             Requested size: 158.13841pt x 145.42595pt.

Overfull \hbox (17.73698pt too wide) in paragraph at lines 34--35
[][] 
 []

<setSensors_4.pdf, id=388, 315.8771pt x 290.85262pt>
File: setSensors_4.pdf Graphic file (type pdf)
<use setSensors_4.pdf>
Package pdftex.def Info: setSensors_4.pdf  used on input line 38.
(pdftex.def)             Requested size: 157.93816pt x 145.42595pt.

Overfull \hbox (17.53673pt too wide) in paragraph at lines 38--39
[][] 
 []

<setSensors_5.pdf, id=389, 315.8771pt x 291.25212pt>
File: setSensors_5.pdf Graphic file (type pdf)
<use setSensors_5.pdf>
Package pdftex.def Info: setSensors_5.pdf  used on input line 42.
(pdftex.def)             Requested size: 157.93816pt x 145.6257pt.

Overfull \hbox (17.53673pt too wide) in paragraph at lines 42--43
[][] 
 []

<setSensors_6.pdf, id=390, 315.8771pt x 291.25212pt>
File: setSensors_6.pdf Graphic file (type pdf)
<use setSensors_6.pdf>
Package pdftex.def Info: setSensors_6.pdf  used on input line 46.
(pdftex.def)             Requested size: 157.93816pt x 145.6257pt.

Overfull \hbox (17.53673pt too wide) in paragraph at lines 46--47
[][] 
 []


Underfull \hbox (badness 10000) in paragraph at lines 25--48

 []


LaTeX Font Warning: Font shape `OT1/cmss/m/it' in size <10> not available
(Font)              Font shape `OT1/cmss/m/sl' tried instead on input line 52.

[13 <./setSensors_1.pdf> <./setSensors_2.pdf> <./setSensors_3.pdf> <./setSensor
s_4.pdf> <./setSensors_5.pdf> <./setSensors_6.pdf>]
LaTeX Font Info:    Trying to load font information for OMS+cmss on input line 
151.
LaTeX Font Info:    No file OMScmss.fd. on input line 151.


LaTeX Font Warning: Font shape `OMS/cmss/m/n' undefined
(Font)              using `OMS/cmsy/m/n' instead
(Font)              for symbol `textbraceleft' on input line 151.

LaTeX Font Info:    Trying to load font information for OMS+cmtt on input line 
165.
LaTeX Font Info:    No file OMScmtt.fd. on input line 165.

LaTeX Font Warning: Font shape `OMS/cmtt/m/n' undefined
(Font)              using `OMS/cmsy/m/n' instead
(Font)              for symbol `textbraceleft' on input line 165.

[14]
<Dynamic_Partition.pdf, id=478, 273.68446pt x 249.79422pt>
File: Dynamic_Partition.pdf Graphic file (type pdf)
<use Dynamic_Partition.pdf>
Package pdftex.def Info: Dynamic_Partition.pdf  used on input line 180.
(pdftex.def)             Requested size: 273.68379pt x 249.7936pt.

Overfull \hbox (15.0pt too wide) detected at line 237
[][] 
 []

[15 <./Dynamic_Partition.pdf>]) (section_2.tex [16]

LaTeX Warning: Reference `barrier' on page 17 undefined on input line 15.

) (ExperimentalResults.tex

LaTeX Warning: `!h' float specifier changed to `!ht'.


LaTeX Warning: `!h' float specifier changed to `!ht'.


Package hyperref Warning: Token not allowed in a PDF string (PDFDocEncoding):
(hyperref)                removing `math shift' on input line 42.


Package hyperref Warning: Token not allowed in a PDF string (PDFDocEncoding):
(hyperref)                removing `\omega' on input line 42.


Package hyperref Warning: Token not allowed in a PDF string (PDFDocEncoding):
(hyperref)                removing `math shift' on input line 42.

[17]
<Hinhanh/OmegaEffect/coverage/k3.pdf, id=510, 253.5874pt x 210.26154pt>
File: Hinhanh/OmegaEffect/coverage/k3.pdf Graphic file (type pdf)
<use Hinhanh/OmegaEffect/coverage/k3.pdf>
Package pdftex.def Info: Hinhanh/OmegaEffect/coverage/k3.pdf  used on input lin
e 53.
(pdftex.def)             Requested size: 202.8702pt x 168.20944pt.
<Hinhanh/OmegaEffect/coverage/k4.pdf, id=511, 253.5874pt x 210.2545pt>
File: Hinhanh/OmegaEffect/coverage/k4.pdf Graphic file (type pdf)
<use Hinhanh/OmegaEffect/coverage/k4.pdf>
Package pdftex.def Info: Hinhanh/OmegaEffect/coverage/k4.pdf  used on input lin
e 59.
(pdftex.def)             Requested size: 202.8702pt x 168.20381pt.

Overfull \hbox (1.67pt too wide) in paragraph at lines 51--62
[][] [] 
 []


LaTeX Warning: `h' float specifier changed to `ht'.

<Hinhanh/OmegaEffect/time/k3.pdf, id=512, 268.56537pt x 210.2515pt>
File: Hinhanh/OmegaEffect/time/k3.pdf Graphic file (type pdf)
<use Hinhanh/OmegaEffect/time/k3.pdf>
Package pdftex.def Info: Hinhanh/OmegaEffect/time/k3.pdf  used on input line 69
.
(pdftex.def)             Requested size: 214.85257pt x 168.20142pt.
<Hinhanh/OmegaEffect/time/k4.pdf, id=513, 268.56537pt x 210.2545pt>
File: Hinhanh/OmegaEffect/time/k4.pdf Graphic file (type pdf)
<use Hinhanh/OmegaEffect/time/k4.pdf>
Package pdftex.def Info: Hinhanh/OmegaEffect/time/k4.pdf  used on input line 74
.
(pdftex.def)             Requested size: 214.85257pt x 168.20381pt.

Overfull \hbox (1.67pt too wide) in paragraph at lines 67--77
[][] [] 
 []


LaTeX Warning: `h' float specifier changed to `ht'.

<Hinhanh/OmegaEffect/probability/k3.pdf, id=514, 271.53845pt x 208.68565pt>
File: Hinhanh/OmegaEffect/probability/k3.pdf Graphic file (type pdf)
<use Hinhanh/OmegaEffect/probability/k3.pdf>
Package pdftex.def Info: Hinhanh/OmegaEffect/probability/k3.pdf  used on input 
line 84.
(pdftex.def)             Requested size: 217.23105pt x 166.94873pt.
<Hinhanh/OmegaEffect/probability/k4.pdf, id=515, 271.53845pt x 210.25752pt>
File: Hinhanh/OmegaEffect/probability/k4.pdf Graphic file (type pdf)
<use Hinhanh/OmegaEffect/probability/k4.pdf>
Package pdftex.def Info: Hinhanh/OmegaEffect/probability/k4.pdf  used on input 
line 89.
(pdftex.def)             Requested size: 217.23105pt x 168.20622pt.

Overfull \hbox (1.67pt too wide) in paragraph at lines 82--92
[][] [] 
 []


LaTeX Warning: `h' float specifier changed to `ht'.

<Hinhanh/SensorNumberEffect/coverage/k3omega105.pdf, id=516, 253.5874pt x 212.5
6013pt>
File: Hinhanh/SensorNumberEffect/coverage/k3omega105.pdf Graphic file (type pdf
)
<use Hinhanh/SensorNumberEffect/coverage/k3omega105.pdf>
Package pdftex.def Info: Hinhanh/SensorNumberEffect/coverage/k3omega105.pdf  us
ed on input line 103.
(pdftex.def)             Requested size: 202.8702pt x 170.04832pt.
<Hinhanh/SensorNumberEffect/coverage/k4omega65.pdf, id=517, 253.5874pt x 218.55
351pt>
File: Hinhanh/SensorNumberEffect/coverage/k4omega65.pdf Graphic file (type pdf)

<use Hinhanh/SensorNumberEffect/coverage/k4omega65.pdf>
Package pdftex.def Info: Hinhanh/SensorNumberEffect/coverage/k4omega65.pdf  use
d on input line 108.
(pdftex.def)             Requested size: 202.8702pt x 174.84303pt.

Overfull \hbox (1.67pt too wide) in paragraph at lines 101--111
[]$[]$ $[]$ 
 []


LaTeX Warning: `h' float specifier changed to `ht'.

<Hinhanh/SensorNumberEffect/time/k3omega105.pdf, id=518, 259.54265pt x 212.3152
2pt>
File: Hinhanh/SensorNumberEffect/time/k3omega105.pdf Graphic file (type pdf)
<use Hinhanh/SensorNumberEffect/time/k3omega105.pdf>
Package pdftex.def Info: Hinhanh/SensorNumberEffect/time/k3omega105.pdf  used o
n input line 118.
(pdftex.def)             Requested size: 207.63438pt x 169.85239pt.
<Hinhanh/SensorNumberEffect/time/k4omega65.pdf, id=519, 268.56938pt x 212.31923
pt>
File: Hinhanh/SensorNumberEffect/time/k4omega65.pdf Graphic file (type pdf)
<use Hinhanh/SensorNumberEffect/time/k4omega65.pdf>
Package pdftex.def Info: Hinhanh/SensorNumberEffect/time/k4omega65.pdf  used on
 input line 123.
(pdftex.def)             Requested size: 214.85577pt x 169.85559pt.

Overfull \hbox (1.67pt too wide) in paragraph at lines 116--126
[]$[]$ $[]$ 
 []


LaTeX Warning: `h' float specifier changed to `ht'.

<Hinhanh/SensorNumberEffect/probability/k3omega105.pdf, id=520, 271.5425pt x 21
2.32123pt>
File: Hinhanh/SensorNumberEffect/probability/k3omega105.pdf Graphic file (type 
pdf)
<use Hinhanh/SensorNumberEffect/probability/k3omega105.pdf>
Package pdftex.def Info: Hinhanh/SensorNumberEffect/probability/k3omega105.pdf 
 used on input line 133.
(pdftex.def)             Requested size: 217.23428pt x 169.8572pt.
<Hinhanh/SensorNumberEffect/probability/k4omega65.pdf, id=521, 271.5425pt x 212
.32726pt>
File: Hinhanh/SensorNumberEffect/probability/k4omega65.pdf Graphic file (type p
df)
<use Hinhanh/SensorNumberEffect/probability/k4omega65.pdf>
Package pdftex.def Info: Hinhanh/SensorNumberEffect/probability/k4omega65.pdf  
used on input line 138.
(pdftex.def)             Requested size: 217.23428pt x 169.86201pt.

Overfull \hbox (1.67pt too wide) in paragraph at lines 131--141
[]$[]$ $[]$ 
 []


LaTeX Warning: `h' float specifier changed to `ht'.


Package hyperref Warning: Token not allowed in a PDF string (PDFDocEncoding):
(hyperref)                removing `math shift' on input line 145.


Package hyperref Warning: Token not allowed in a PDF string (PDFDocEncoding):
(hyperref)                removing `math shift' on input line 145.

[18] [19 <./Hinhanh/OmegaEffect/coverage/k3.pdf> <./Hinhanh/OmegaEffect/coverag
e/k4.pdf> <./Hinhanh/OmegaEffect/time/k3.pdf> <./Hinhanh/OmegaEffect/time/k4.pd
f>]
<Hinhanh/kEffect/main.pdf, id=575, 251.29985pt x 208.99681pt>
File: Hinhanh/kEffect/main.pdf Graphic file (type pdf)
<use Hinhanh/kEffect/main.pdf>
Package pdftex.def Info: Hinhanh/kEffect/main.pdf  used on input line 157.
(pdftex.def)             Requested size: 251.29922pt x 208.99629pt.


LaTeX Warning: `h' float specifier changed to `ht'.

[20 <./Hinhanh/OmegaEffect/probability/k3.pdf> <./Hinhanh/OmegaEffect/probabili
ty/k4.pdf> <./Hinhanh/SensorNumberEffect/coverage/k3omega105.pdf> <./Hinhanh/Se
nsorNumberEffect/coverage/k4omega65.pdf>]) (Elsart_KwAngle18.10.19.bbl [21 <./H
inhanh/SensorNumberEffect/time/k3omega105.pdf> <./Hinhanh/SensorNumberEffect/ti
me/k4omega65.pdf> <./Hinhanh/SensorNumberEffect/probability/k3omega105.pdf> <./
Hinhanh/SensorNumberEffect/probability/k4omega65.pdf>] [22 <./Hinhanh/kEffect/m
ain.pdf>])
Package atveryend Info: Empty hook `BeforeClearDocument' on input line 149.
 [23]
Package atveryend Info: Empty hook `AfterLastShipout' on input line 149.
 (Elsart_KwAngle18.10.19.aux)
Package atveryend Info: Executing hook `AtVeryEndDocument' on input line 149.
Package atveryend Info: Executing hook `AtEndAfterFileList' on input line 149.
Package rerunfilecheck Info: File `Elsart_KwAngle18.10.19.out' has not changed.

(rerunfilecheck)             Checksum: 6DBA4EEB2BFE360D6B2CC1BCC87278C0;1644.


LaTeX Font Warning: Some font shapes were not available, defaults substituted.


LaTeX Warning: There were undefined references.


LaTeX Warning: There were multiply-defined labels.

Package atveryend Info: Empty hook `AtVeryVeryEnd' on input line 149.
 ) 
Here is how much of TeX's memory you used:
 11122 strings out of 492449
 162334 string characters out of 3138108
 289544 words of memory out of 3000000
 15134 multiletter control sequences out of 15000+200000
 51922 words of font info for 59 fonts, out of 3000000 for 9000
 1141 hyphenation exceptions out of 8191
 45i,38n,46p,1834b,657s stack positions out of 5000i,500n,10000p,200000b,50000s
{D:/MikTeX/fonts/enc/dvips/tex-gyre/q-rm-sc.enc}{D:/MikTeX/fonts/enc/dvips/te
x-gyre/q-rm.enc}<D:/MikTeX/fonts/type1/public/arev/ArevSans-Oblique.pfb><D:/Mik
TeX/fonts/type1/public/arev/ArevSans-Roman.pfb><D:/MikTeX/fonts/type1/public/am
sfonts/cm/cmex10.pfb><D:/MikTeX/fonts/type1/public/amsfonts/cmextra/cmex7.pfb><
D:/MikTeX/fonts/type1/public/amsfonts/cm/cmmi10.pfb><D:/MikTeX/fonts/type1/publ
ic/amsfonts/cm/cmmi12.pfb><D:/MikTeX/fonts/type1/public/amsfonts/cm/cmmi5.pfb><
D:/MikTeX/fonts/type1/public/amsfonts/cm/cmmi6.pfb><D:/MikTeX/fonts/type1/publi
c/amsfonts/cm/cmmi7.pfb><D:/MikTeX/fonts/type1/public/amsfonts/cm/cmmi8.pfb><D:
/MikTeX/fonts/type1/public/amsfonts/cm/cmr10.pfb><D:/MikTeX/fonts/type1/public/
amsfonts/cm/cmr6.pfb><D:/MikTeX/fonts/type1/public/amsfonts/cm/cmr7.pfb><D:/Mik
TeX/fonts/type1/public/amsfonts/cm/cmr8.pfb><D:/MikTeX/fonts/type1/public/amsfo
nts/cm/cmss10.pfb><D:/MikTeX/fonts/type1/public/amsfonts/cm/cmss8.pfb><D:/MikTe
X/fonts/type1/public/amsfonts/cm/cmssi10.pfb><D:/MikTeX/fonts/type1/public/amsf
onts/cm/cmsy10.pfb><D:/MikTeX/fonts/type1/public/amsfonts/cm/cmsy7.pfb><D:/MikT
eX/fonts/type1/public/amsfonts/cm/cmsy8.pfb><D:/MikTeX/fonts/type1/public/amsfo
nts/cm/cmtt10.pfb><D:/MikTeX/fonts/type1/public/amsfonts/symbols/msbm10.pfb><D:
/MikTeX/fonts/type1/public/tex-gyre/qplb.pfb><D:/MikTeX/fonts/type1/public/tex-
gyre/qplr.pfb><D:/MikTeX/fonts/type1/public/tex-gyre/qplri.pfb>
Output written on Elsart_KwAngle18.10.19.pdf (23 pages, 780699 bytes).
PDF statistics:
 774 PDF objects out of 1000 (max. 8388607)
 152 named destinations out of 1000 (max. 500000)
 314 words of extra memory for PDF output out of 10000 (max. 10000000)

