This is pdfTeX, Version 3.14159265-2.6-1.40.20 (MiKTeX 2.9.7050 64-bit) (preloaded format=pdflatex 2019.5.31)  15 OCT 2019 14:58
entering extended mode
**./Elsart_KwAngle08.10.19.tex
(Elsart_KwAngle08.10.19.tex
LaTeX2e <2018-12-01>
("C:\Program Files\MiKTeX 2.9\tex/latex/elsarticle\elsarticle.cls"
Document Class: elsarticle 2019/02/25, 3.2: Elsevier Ltd
\@bls=\dimen102
("C:\Program Files\MiKTeX 2.9\tex/latex/base\article.cls"
Document Class: article 2018/09/03 v1.4i Standard LaTeX document class
("C:\Program Files\MiKTeX 2.9\tex/latex/base\size10.clo"
File: size10.clo 2018/09/03 v1.4i Standard LaTeX file (size option)
)
\c@part=\count80
\c@section=\count81
\c@subsection=\count82
\c@subsubsection=\count83
\c@paragraph=\count84
\c@subparagraph=\count85
\c@figure=\count86
\c@table=\count87
\abovecaptionskip=\skip41
\belowcaptionskip=\skip42
\bibindent=\dimen103
)
("C:\Program Files\MiKTeX 2.9\tex/latex/graphics\graphicx.sty"
Package: graphicx 2017/06/01 v1.1a Enhanced LaTeX Graphics (DPC,SPQR)

("C:\Program Files\MiKTeX 2.9\tex/latex/graphics\keyval.sty"
Package: keyval 2014/10/28 v1.15 key=value parser (DPC)
\KV@toks@=\toks14
)
("C:\Program Files\MiKTeX 2.9\tex/latex/graphics\graphics.sty"
Package: graphics 2017/06/25 v1.2c Standard LaTeX Graphics (DPC,SPQR)

("C:\Program Files\MiKTeX 2.9\tex/latex/graphics\trig.sty"
Package: trig 2016/01/03 v1.10 sin cos tan (DPC)
)
("C:\Program Files\MiKTeX 2.9\tex/latex/graphics-cfg\graphics.cfg"
File: graphics.cfg 2016/06/04 v1.11 sample graphics configuration
)
Package graphics Info: Driver file: pdftex.def on input line 99.

("C:\Program Files\MiKTeX 2.9\tex/latex/graphics-def\pdftex.def"
File: pdftex.def 2018/01/08 v1.0l Graphics/color driver for pdftex
))
\Gin@req@height=\dimen104
\Gin@req@width=\dimen105
)
\c@tnote=\count88
\c@fnote=\count89
\c@cnote=\count90
\c@ead=\count91
\c@author=\count92
\@eadauthor=\toks15
\c@affn=\count93
\absbox=\box27
\elsarticlehighlightsbox=\box28
\elsarticlegrabsbox=\box29
\keybox=\box30
\Columnwidth=\dimen106
\space@left=\dimen107
\els@boxa=\box31
\els@boxb=\box32
\leftMargin=\dimen108
\@enLab=\toks16
\@sep=\skip43
\@@sep=\skip44

(Elsart_KwAngle08.10.19.spl)
("C:\Program Files\MiKTeX 2.9\tex/latex/natbib\natbib.sty"
Package: natbib 2010/09/13 8.31b (PWD, AO)
\bibhang=\skip45
\bibsep=\skip46
LaTeX Info: Redefining \cite on input line 694.
\c@NAT@ctr=\count94
)
\splwrite=\write3
\openout3 = `Elsart_KwAngle08.10.19.spl'.


("C:\Program Files\MiKTeX 2.9\tex/latex/geometry\geometry.sty"
Package: geometry 2018/04/16 v5.8 Page Geometry

("C:\Program Files\MiKTeX 2.9\tex/generic/oberdiek\ifpdf.sty"
Package: ifpdf 2018/09/07 v3.3 Provides the ifpdf switch
)
("C:\Program Files\MiKTeX 2.9\tex/generic/oberdiek\ifvtex.sty"
Package: ifvtex 2016/05/16 v1.6 Detect VTeX and its facilities (HO)
Package ifvtex Info: VTeX not detected.
)
("C:\Program Files\MiKTeX 2.9\tex/generic/ifxetex\ifxetex.sty"
Package: ifxetex 2010/09/12 v0.6 Provides ifxetex conditional
)
\Gm@cnth=\count95
\Gm@cntv=\count96
\c@Gm@tempcnt=\count97
\Gm@bindingoffset=\dimen109
\Gm@wd@mp=\dimen110
\Gm@odd@mp=\dimen111
\Gm@even@mp=\dimen112
\Gm@layoutwidth=\dimen113
\Gm@layoutheight=\dimen114
\Gm@layouthoffset=\dimen115
\Gm@layoutvoffset=\dimen116
\Gm@dimlist=\toks17

("C:\Program Files\MiKTeX 2.9\tex/latex/geometry\geometry.cfg"))
\appnamewidth=\dimen117
)
("C:\Program Files\MiKTeX 2.9\tex/latex/tex-gyre\tgpagella.sty"
Package: tgpagella 2009/09/27 v1.2 TeX Gyre Pagella as default roman family

("C:\Program Files\MiKTeX 2.9\tex/latex/oberdiek\kvoptions.sty"
Package: kvoptions 2016/05/16 v3.12 Key value format for package options (HO)

("C:\Program Files\MiKTeX 2.9\tex/generic/oberdiek\ltxcmds.sty"
Package: ltxcmds 2016/05/16 v1.23 LaTeX kernel commands for general use (HO)
)
("C:\Program Files\MiKTeX 2.9\tex/generic/oberdiek\kvsetkeys.sty"
Package: kvsetkeys 2016/05/16 v1.17 Key value parser (HO)

("C:\Program Files\MiKTeX 2.9\tex/generic/oberdiek\infwarerr.sty"
Package: infwarerr 2016/05/16 v1.4 Providing info/warning/error messages (HO)
)
("C:\Program Files\MiKTeX 2.9\tex/generic/oberdiek\etexcmds.sty"
Package: etexcmds 2016/05/16 v1.6 Avoid name clashes with e-TeX commands (HO)

("C:\Program Files\MiKTeX 2.9\tex/generic/oberdiek\ifluatex.sty"
Package: ifluatex 2016/05/16 v1.4 Provides the ifluatex switch (HO)
Package ifluatex Info: LuaTeX not detected.
)))))
("C:\Program Files\MiKTeX 2.9\tex/latex/caption\subcaption.sty"
Package: subcaption 2018/05/01 v1.1-162 Sub-captions (AR)

("C:\Program Files\MiKTeX 2.9\tex/latex/caption\caption.sty"
Package: caption 2018/10/06 v3.3-154 Customizing captions (AR)

("C:\Program Files\MiKTeX 2.9\tex/latex/caption\caption3.sty"
Package: caption3 2018/09/12 v1.8c caption3 kernel (AR)
Package caption3 Info: TeX engine: e-TeX on input line 64.
\captionmargin=\dimen118
\captionmargin@=\dimen119
\captionwidth=\dimen120
\caption@tempdima=\dimen121
\caption@indent=\dimen122
\caption@parindent=\dimen123
\caption@hangindent=\dimen124
)
\c@caption@flags=\count98
\c@ContinuedFloat=\count99
)
\c@subfigure=\count100
\c@subtable=\count101
)
("C:\Program Files\MiKTeX 2.9\tex/latex/hyperref\hyperref.sty"
Package: hyperref 2018/11/30 v6.88e Hypertext links for LaTeX

("C:\Program Files\MiKTeX 2.9\tex/generic/oberdiek\hobsub-hyperref.sty"
Package: hobsub-hyperref 2016/05/16 v1.14 Bundle oberdiek, subset hyperref (HO)


("C:\Program Files\MiKTeX 2.9\tex/generic/oberdiek\hobsub-generic.sty"
Package: hobsub-generic 2016/05/16 v1.14 Bundle oberdiek, subset generic (HO)
Package: hobsub 2016/05/16 v1.14 Construct package bundles (HO)
Package hobsub Info: Skipping package `infwarerr' (already loaded).
Package hobsub Info: Skipping package `ltxcmds' (already loaded).
Package hobsub Info: Skipping package `ifluatex' (already loaded).
Package hobsub Info: Skipping package `ifvtex' (already loaded).
Package: intcalc 2016/05/16 v1.2 Expandable calculations with integers (HO)
Package hobsub Info: Skipping package `ifpdf' (already loaded).
Package hobsub Info: Skipping package `etexcmds' (already loaded).
Package hobsub Info: Skipping package `kvsetkeys' (already loaded).
Package: kvdefinekeys 2016/05/16 v1.4 Define keys (HO)
Package: pdftexcmds 2018/09/10 v0.29 Utility functions of pdfTeX for LuaTeX (HO
)
Package pdftexcmds Info: LuaTeX not detected.
Package pdftexcmds Info: \pdf@primitive is available.
Package pdftexcmds Info: \pdf@ifprimitive is available.
Package pdftexcmds Info: \pdfdraftmode found.
Package: pdfescape 2016/05/16 v1.14 Implements pdfTeX's escape features (HO)
Package: bigintcalc 2016/05/16 v1.4 Expandable calculations on big integers (HO
)
Package: bitset 2016/05/16 v1.2 Handle bit-vector datatype (HO)
Package: uniquecounter 2016/05/16 v1.3 Provide unlimited unique counter (HO)
)
Package hobsub Info: Skipping package `hobsub' (already loaded).
Package: letltxmacro 2016/05/16 v1.5 Let assignment for LaTeX macros (HO)
Package: hopatch 2016/05/16 v1.3 Wrapper for package hooks (HO)
Package: xcolor-patch 2016/05/16 xcolor patch
Package: atveryend 2016/05/16 v1.9 Hooks at the very end of document (HO)
Package atveryend Info: \enddocument detected (standard20110627).
Package: atbegshi 2016/06/09 v1.18 At begin shipout hook (HO)
Package: refcount 2016/05/16 v3.5 Data extraction from label references (HO)
Package: hycolor 2016/05/16 v1.8 Color options for hyperref/bookmark (HO)
)
("C:\Program Files\MiKTeX 2.9\tex/latex/oberdiek\auxhook.sty"
Package: auxhook 2016/05/16 v1.4 Hooks for auxiliary files (HO)
)
\@linkdim=\dimen125
\Hy@linkcounter=\count102
\Hy@pagecounter=\count103

("C:\Program Files\MiKTeX 2.9\tex/latex/hyperref\pd1enc.def"
File: pd1enc.def 2018/11/30 v6.88e Hyperref: PDFDocEncoding definition (HO)
Now handling font encoding PD1 ...
... no UTF-8 mapping file for font encoding PD1
)
\Hy@SavedSpaceFactor=\count104

("C:\Program Files\MiKTeX 2.9\tex/latex/00miktex\hyperref.cfg"
File: hyperref.cfg 2002/06/06 v1.2 hyperref configuration of TeXLive
)
Package hyperref Info: Hyper figures OFF on input line 4519.
Package hyperref Info: Link nesting OFF on input line 4524.
Package hyperref Info: Hyper index ON on input line 4527.
Package hyperref Info: Plain pages OFF on input line 4534.
Package hyperref Info: Backreferencing OFF on input line 4539.
Package hyperref Info: Implicit mode ON; LaTeX internals redefined.
Package hyperref Info: Bookmarks ON on input line 4772.
\c@Hy@tempcnt=\count105

("C:\Program Files\MiKTeX 2.9\tex/latex/url\url.sty"
\Urlmuskip=\muskip10
Package: url 2013/09/16  ver 3.4  Verb mode for urls, etc.
)
LaTeX Info: Redefining \url on input line 5125.
\XeTeXLinkMargin=\dimen126
\Fld@menulength=\count106
\Field@Width=\dimen127
\Fld@charsize=\dimen128
Package hyperref Info: Hyper figures OFF on input line 6380.
Package hyperref Info: Link nesting OFF on input line 6385.
Package hyperref Info: Hyper index ON on input line 6388.
Package hyperref Info: backreferencing OFF on input line 6395.
Package hyperref Info: Link coloring OFF on input line 6400.
Package hyperref Info: Link coloring with OCG OFF on input line 6405.
Package hyperref Info: PDF/A mode OFF on input line 6410.
LaTeX Info: Redefining \ref on input line 6450.
LaTeX Info: Redefining \pageref on input line 6454.
\Hy@abspage=\count107
\c@Item=\count108
\c@Hfootnote=\count109
)
Package hyperref Info: Driver (autodetected): hpdftex.

("C:\Program Files\MiKTeX 2.9\tex/latex/hyperref\hpdftex.def"
File: hpdftex.def 2018/11/30 v6.88e Hyperref driver for pdfTeX
\Fld@listcount=\count110
\c@bookmark@seq@number=\count111

("C:\Program Files\MiKTeX 2.9\tex/latex/oberdiek\rerunfilecheck.sty"
Package: rerunfilecheck 2016/05/16 v1.8 Rerun checks for auxiliary files (HO)
Package uniquecounter Info: New unique counter `rerunfilecheck' on input line 2
82.
)
\Hy@SectionHShift=\skip47
)
Package hyperref Info: Option `colorlinks' set `true' on input line 12.

("C:\Program Files\MiKTeX 2.9\tex/latex/xcolor\xcolor.sty"
Package: xcolor 2016/05/11 v2.12 LaTeX color extensions (UK)

("C:\Program Files\MiKTeX 2.9\tex/latex/graphics-cfg\color.cfg"
File: color.cfg 2016/01/02 v1.6 sample color configuration
)
Package xcolor Info: Driver file: pdftex.def on input line 225.

("C:\Program Files\MiKTeX 2.9\tex/latex/colortbl\colortbl.sty"
Package: colortbl 2018/12/12 v1.0d Color table columns (DPC)

("C:\Program Files\MiKTeX 2.9\tex/latex/tools\array.sty"
Package: array 2018/12/30 v2.4k Tabular extension package (FMi)
\col@sep=\dimen129
\ar@mcellbox=\box33
\extrarowheight=\dimen130
\NC@list=\toks18
\extratabsurround=\skip48
\backup@length=\skip49
\ar@cellbox=\box34
)
\everycr=\toks19
\minrowclearance=\skip50
)
\rownum=\count112
Package xcolor Info: Model `cmy' substituted by `cmy0' on input line 1348.
Package xcolor Info: Model `hsb' substituted by `rgb' on input line 1352.
Package xcolor Info: Model `RGB' extended on input line 1364.
Package xcolor Info: Model `HTML' substituted by `rgb' on input line 1366.
Package xcolor Info: Model `Hsb' substituted by `hsb' on input line 1367.
Package xcolor Info: Model `tHsb' substituted by `hsb' on input line 1368.
Package xcolor Info: Model `HSB' substituted by `hsb' on input line 1369.
Package xcolor Info: Model `Gray' substituted by `gray' on input line 1370.
Package xcolor Info: Model `wave' substituted by `hsb' on input line 1371.

("C:\Program Files\MiKTeX 2.9\tex/latex/graphics\dvipsnam.def"
File: dvipsnam.def 2016/06/17 v3.0m Driver-dependent file (DPC,SPQR)
))
("C:\Program Files\MiKTeX 2.9\tex/latex/algorithm2e\algorithm2e.sty"
Package: algorithm2e 2017/07/18 v5.2 algorithms environments
\c@AlgoLine=\count113

("C:\Program Files\MiKTeX 2.9\tex/latex/base\ifthen.sty"
Package: ifthen 2014/09/29 v1.1c Standard LaTeX ifthen package (DPC)
)
\algocf@hangindent=\skip51

("C:\Program Files\MiKTeX 2.9\tex/latex/ifoddpage\ifoddpage.sty"
Package: ifoddpage 2016/04/23 v1.1 Conditionals for odd/even page detection
\c@checkoddpage=\count114
)
("C:\Program Files\MiKTeX 2.9\tex/latex/tools\xspace.sty"
Package: xspace 2014/10/28 v1.13 Space after command names (DPC,MH)
)
("C:\Program Files\MiKTeX 2.9\tex/latex/relsize\relsize.sty"
Package: relsize 2013/03/29 ver 4.1
)
\skiptotal=\skip52
\skiplinenumber=\skip53
\skiprule=\skip54
\skiphlne=\skip55
\skiptext=\skip56
\skiplength=\skip57
\algomargin=\skip58
\skipalgocfslide=\skip59
\algowidth=\dimen131
\inoutsize=\dimen132
\inoutindent=\dimen133
\interspacetitleruled=\dimen134
\interspacealgoruled=\dimen135
\interspacetitleboxruled=\dimen136
\algocf@ruledwidth=\skip60
\algocf@inoutbox=\box35
\algocf@inputbox=\box36
\AlCapSkip=\skip61
\AlCapHSkip=\skip62
\algoskipindent=\skip63
\algocf@nlbox=\box37
\algocf@hangingbox=\box38
\algocf@untilbox=\box39
\algocf@skipuntil=\skip64
\algocf@capbox=\box40
\algocf@lcaptionbox=\skip65
\algoheightruledefault=\skip66
\algoheightrule=\skip67
\algotitleheightruledefault=\skip68
\algotitleheightrule=\skip69
\c@algocfline=\count115
\c@algocfproc=\count116
\c@algocf=\count117
\algocf@algoframe=\box41
\algocf@algobox=\box42
)
("C:\Program Files\MiKTeX 2.9\tex/latex/amsmath\amsmath.sty"
Package: amsmath 2018/12/01 v2.17b AMS math features
\@mathmargin=\skip70

For additional information on amsmath, use the `?' option.
("C:\Program Files\MiKTeX 2.9\tex/latex/amsmath\amstext.sty"
Package: amstext 2000/06/29 v2.01 AMS text

("C:\Program Files\MiKTeX 2.9\tex/latex/amsmath\amsgen.sty"
File: amsgen.sty 1999/11/30 v2.0 generic functions
\@emptytoks=\toks20
\ex@=\dimen137
))
("C:\Program Files\MiKTeX 2.9\tex/latex/amsmath\amsbsy.sty"
Package: amsbsy 1999/11/29 v1.2d Bold Symbols
\pmbraise@=\dimen138
)
("C:\Program Files\MiKTeX 2.9\tex/latex/amsmath\amsopn.sty"
Package: amsopn 2016/03/08 v2.02 operator names
)
\inf@bad=\count118
LaTeX Info: Redefining \frac on input line 223.
\uproot@=\count119
\leftroot@=\count120
LaTeX Info: Redefining \overline on input line 385.
\classnum@=\count121
\DOTSCASE@=\count122
LaTeX Info: Redefining \ldots on input line 482.
LaTeX Info: Redefining \dots on input line 485.
LaTeX Info: Redefining \cdots on input line 606.
\Mathstrutbox@=\box43
\strutbox@=\box44
\big@size=\dimen139
LaTeX Font Info:    Redeclaring font encoding OML on input line 729.
LaTeX Font Info:    Redeclaring font encoding OMS on input line 730.
\macc@depth=\count123
\c@MaxMatrixCols=\count124
\dotsspace@=\muskip11
\c@parentequation=\count125
\dspbrk@lvl=\count126
\tag@help=\toks21
\row@=\count127
\column@=\count128
\maxfields@=\count129
\andhelp@=\toks22
\eqnshift@=\dimen140
\alignsep@=\dimen141
\tagshift@=\dimen142
\tagwidth@=\dimen143
\totwidth@=\dimen144
\lineht@=\dimen145
\@envbody=\toks23
\multlinegap=\skip71
\multlinetaggap=\skip72
\mathdisplay@stack=\toks24
LaTeX Info: Redefining \[ on input line 2844.
LaTeX Info: Redefining \] on input line 2845.
)
("C:\Program Files\MiKTeX 2.9\tex/latex/amsfonts\amssymb.sty"
Package: amssymb 2013/01/14 v3.01 AMS font symbols

("C:\Program Files\MiKTeX 2.9\tex/latex/amsfonts\amsfonts.sty"
Package: amsfonts 2013/01/14 v3.01 Basic AMSFonts support
\symAMSa=\mathgroup4
\symAMSb=\mathgroup5
LaTeX Font Info:    Overwriting math alphabet `\mathfrak' in version `bold'
(Font)                  U/euf/m/n --> U/euf/b/n on input line 106.
))
\c@thr=\count130
\c@df=\count131
\c@pf=\count132

("C:\Program Files\MiKTeX 2.9\tex/latex/scalerel\scalerel.sty"
Package: scalerel 2016/12/29 v1.8 Routines for constrained scaling and stretchi
ng of objects, relative to a reference object or in absolute terms

("C:\Program Files\MiKTeX 2.9\tex/latex/tools\calc.sty"
Package: calc 2017/05/25 v4.3 Infix arithmetic (KKT,FJ)
\calc@Acount=\count133
\calc@Bcount=\count134
\calc@Adimen=\dimen146
\calc@Bdimen=\dimen147
\calc@Askip=\skip73
\calc@Bskip=\skip74
LaTeX Info: Redefining \setlength on input line 80.
LaTeX Info: Redefining \addtolength on input line 81.
\calc@Ccount=\count135
\calc@Cskip=\skip75
)
("C:\Program Files\MiKTeX 2.9\tex/latex/etoolbox\etoolbox.sty"
Package: etoolbox 2018/08/19 v2.5f e-TeX tools for LaTeX (JAW)
\etb@tempcnta=\count136
)
\thesrwidth=\skip76
\thesrheight=\skip77
\srblobheight=\skip78
\srblobdepth=\skip79
\mnxsrwidth=\skip80
\LMex=\skip81
\LMpt=\skip82
)
(Elsart_KwAngle08.10.19.aux

LaTeX Warning: Label `fig:' multiply defined.


LaTeX Warning: Label `fig:' multiply defined.


LaTeX Warning: Label `fig:' multiply defined.


LaTeX Warning: Label `fig:' multiply defined.


LaTeX Warning: Label `fig:' multiply defined.


LaTeX Warning: Label `fig:' multiply defined.

)
\openout1 = `Elsart_KwAngle08.10.19.aux'.

LaTeX Font Info:    Checking defaults for OML/cmm/m/it on input line 64.
LaTeX Font Info:    ... okay on input line 64.
LaTeX Font Info:    Checking defaults for T1/cmr/m/n on input line 64.
LaTeX Font Info:    ... okay on input line 64.
LaTeX Font Info:    Checking defaults for OT1/cmr/m/n on input line 64.
LaTeX Font Info:    ... okay on input line 64.
LaTeX Font Info:    Checking defaults for OMS/cmsy/m/n on input line 64.
LaTeX Font Info:    ... okay on input line 64.
LaTeX Font Info:    Checking defaults for OMX/cmex/m/n on input line 64.
LaTeX Font Info:    ... okay on input line 64.
LaTeX Font Info:    Checking defaults for U/cmr/m/n on input line 64.
LaTeX Font Info:    ... okay on input line 64.
LaTeX Font Info:    Checking defaults for PD1/pdf/m/n on input line 64.
LaTeX Font Info:    ... okay on input line 64.
LaTeX Font Info:    Try loading font information for OT1+qpl on input line 64.
 ("C:\Program Files\MiKTeX 2.9\tex/latex/tex-gyre\ot1qpl.fd"
File: ot1qpl.fd 2009/09/25 v1.2 font definition file for OT1/qpl
)
("C:\Program Files\MiKTeX 2.9\tex/context/base/mkii\supp-pdf.mkii"
[Loading MPS to PDF converter (version 2006.09.02).]
\scratchcounter=\count137
\scratchdimen=\dimen148
\scratchbox=\box45
\nofMPsegments=\count138
\nofMParguments=\count139
\everyMPshowfont=\toks25
\MPscratchCnt=\count140
\MPscratchDim=\dimen149
\MPnumerator=\count141
\makeMPintoPDFobject=\count142
\everyMPtoPDFconversion=\toks26
) ("C:\Program Files\MiKTeX 2.9\tex/latex/oberdiek\epstopdf-base.sty"
Package: epstopdf-base 2016/05/15 v2.6 Base part for package epstopdf

("C:\Program Files\MiKTeX 2.9\tex/latex/oberdiek\grfext.sty"
Package: grfext 2016/05/16 v1.2 Manage graphics extensions (HO)
)
Package epstopdf-base Info: Redefining graphics rule for `.eps' on input line 4
38.
Package grfext Info: Graphics extension search list:
(grfext)             [.pdf,.png,.jpg,.mps,.jpeg,.jbig2,.jb2,.PDF,.PNG,.JPG,.JPE
G,.JBIG2,.JB2,.eps]
(grfext)             \AppendGraphicsExtensions on input line 456.
)
*geometry* driver: auto-detecting
*geometry* detected driver: pdftex
*geometry* verbose mode - [ preamble ] result:
* driver: pdftex
* paper: custom
* layout: <same size as paper>
* layoutoffset:(h,v)=(0.0pt,0.0pt)
* hratio: 1:1
* vratio: 1:1
* modes: 
* h-part:(L,W,R)=(64.75394pt, 468.0pt, 64.75394pt)
* v-part:(T,H,B)=(111.52342pt, 622.0pt, 111.52342pt)
* \paperwidth=597.50787pt
* \paperheight=845.04684pt
* \textwidth=468.0pt
* \textheight=622.0pt
* \oddsidemargin=-7.51605pt
* \evensidemargin=-7.51605pt
* \topmargin=-22.74657pt
* \headheight=50.0pt
* \headsep=12.0pt
* \topskip=10.0pt
* \footskip=18.0pt
* \marginparwidth=65.0pt
* \marginparsep=11.0pt
* \columnsep=24.0pt
* \skip\footins=24.0pt plus 2.0pt minus 12.0pt
* \hoffset=0.0pt
* \voffset=0.0pt
* \mag=1000
* \@twocolumnfalse
* \@twosidefalse
* \@mparswitchfalse
* \@reversemarginfalse
* (1in=72.27pt=25.4mm, 1cm=28.453pt)

Package caption Info: Begin \AtBeginDocument code.
Package caption Info: hyperref package is loaded.
Package caption Info: End \AtBeginDocument code.
\AtBeginShipoutBox=\box46
Package hyperref Info: Link coloring ON on input line 64.
("C:\Program Files\MiKTeX 2.9\tex/latex/hyperref\nameref.sty"
Package: nameref 2016/05/21 v2.44 Cross-referencing by name of section

("C:\Program Files\MiKTeX 2.9\tex/generic/oberdiek\gettitlestring.sty"
Package: gettitlestring 2016/05/16 v1.5 Cleanup title references (HO)
)
\c@section@level=\count143
)
LaTeX Info: Redefining \ref on input line 64.
LaTeX Info: Redefining \pageref on input line 64.
LaTeX Info: Redefining \nameref on input line 64.

(Elsart_KwAngle08.10.19.out) (Elsart_KwAngle08.10.19.out)
\@outlinefile=\write4
\openout4 = `Elsart_KwAngle08.10.19.out'.

LaTeX Font Info:    Try loading font information for U+msa on input line 87.

("C:\Program Files\MiKTeX 2.9\tex/latex/amsfonts\umsa.fd"
File: umsa.fd 2013/01/14 v3.01 AMS symbols A
)
LaTeX Font Info:    Try loading font information for U+msb on input line 87.

("C:\Program Files\MiKTeX 2.9\tex/latex/amsfonts\umsb.fd"
File: umsb.fd 2013/01/14 v3.01 AMS symbols B
)
Overfull \hbox (1.49048pt too wide) in paragraph at lines 91--92
[]\OT1/qpl/m/n/10 Recently, with mul-ti-me-dia tech-nique de-vel-op-ment, wire-
less cam-era sen-sor net-works (WCSN) have drawn
 []


Overfull \hbox (1.67pt too wide) has occurred while \output is active
[] 
 []


Package hyperref Warning: Token not allowed in a PDF string (PDFDocEncoding):
(hyperref)                removing `math shift' on input line 99.


Package hyperref Warning: Token not allowed in a PDF string (PDFDocEncoding):
(hyperref)                removing `\omega' on input line 99.


Package hyperref Warning: Token not allowed in a PDF string (PDFDocEncoding):
(hyperref)                removing `math shift' on input line 99.

[1

{C:/Users/DELL/AppData/Local/MiKTeX/2.9/pdftex/config/pdftex.map}]
LaTeX Font Info:    Try loading font information for OMS+qpl on input line 110.

LaTeX Font Info:    No file OMSqpl.fd. on input line 110.


LaTeX Font Warning: Font shape `OMS/qpl/m/n' undefined
(Font)              using `OMS/cmsy/m/n' instead
(Font)              for symbol `textbullet' on input line 110.

[2] (related_works.tex
<wrongDijstra.pdf, id=125, 441.54361pt x 193.90543pt>
File: wrongDijstra.pdf Graphic file (type pdf)
<use wrongDijstra.pdf>
Package pdftex.def Info: wrongDijstra.pdf  used on input line 13.
(pdftex.def)             Requested size: 264.9282pt x 116.34415pt.
<komega.pdf, id=128, 293.11307pt x 288.23483pt>
File: komega.pdf Graphic file (type pdf)
<use komega.pdf>
Package pdftex.def Info: komega.pdf  used on input line 21.
(pdftex.def)             Requested size: 175.86919pt x 172.94221pt.
 [3]) (theorem_version3.tex [4] [5 <./wrongDijstra.pdf> <./komega.pdf>]
<innersafe.pdf, id=205, 233.58267pt x 201.1485pt>
File: innersafe.pdf Graphic file (type pdf)
<use innersafe.pdf>
Package pdftex.def Info: innersafe.pdf  used on input line 24.
(pdftex.def)             Requested size: 140.15068pt x 120.69002pt.
<hinhminhhoa.png, id=206, 483.0045pt x 230.3004pt>
File: hinhminhhoa.png Graphic file (type png)
<use hinhminhhoa.png>
Package pdftex.def Info: hinhminhhoa.png  used on input line 51.
(pdftex.def)             Requested size: 434.70003pt x 207.26843pt.

Overfull \hbox (200.70003pt too wide) in paragraph at lines 51--52
 [][] 
 []

) (preliminaries.tex

LaTeX Warning: `h' float specifier changed to `ht'.

[6 <./innersafe.pdf>]
<groupSensor_Version2.pdf, id=227, 235.87323pt x 237.35175pt>
File: groupSensor_Version2.pdf Graphic file (type pdf)
<use groupSensor_Version2.pdf>
Package pdftex.def Info: groupSensor_Version2.pdf  used on input line 12.
(pdftex.def)             Requested size: 176.90448pt x 178.01335pt.
<exposure.pdf, id=228, 341.6223pt x 341.97562pt>
File: exposure.pdf Graphic file (type pdf)
<use exposure.pdf>
Package pdftex.def Info: exposure.pdf  used on input line 16.
(pdftex.def)             Requested size: 204.97496pt x 205.18694pt.


LaTeX Warning: `h' float specifier changed to `ht'.

[7 <./hinhminhhoa.png>]
Overfull \hbox (15.93369pt too wide) in paragraph at lines 47--48
[]\OT1/qpl/m/n/10 In short, the cov-er-age on a part of a cer-tain set of sen-s
ors is cal-cu-lated from the largest value of $[]\OML/cmm/m/it/10 d$
 []

[8 <./groupSensor_Version2.pdf> <./exposure.pdf>]) (ProblemFormulation.tex

Package hyperref Warning: Token not allowed in a PDF string (PDFDocEncoding):
(hyperref)                removing `math shift' on input line 1.


Package hyperref Warning: Token not allowed in a PDF string (PDFDocEncoding):
(hyperref)                removing `\omega' on input line 1.


Package hyperref Warning: Token not allowed in a PDF string (PDFDocEncoding):
(hyperref)                removing `math shift' on input line 1.


LaTeX Warning: Reference `sensor' on page 9 undefined on input line 7.

[9]

Package hyperref Warning: Token not allowed in a PDF string (PDFDocEncoding):
(hyperref)                removing `math shift' on input line 26.


Package hyperref Warning: Token not allowed in a PDF string (PDFDocEncoding):
(hyperref)                removing `\omega' on input line 26.


Package hyperref Warning: Token not allowed in a PDF string (PDFDocEncoding):
(hyperref)                removing `math shift' on input line 26.

)

Package hyperref Warning: Token not allowed in a PDF string (PDFDocEncoding):
(hyperref)                removing `math shift' on input line 131.


Package hyperref Warning: Token not allowed in a PDF string (PDFDocEncoding):
(hyperref)                removing `\omega' on input line 131.


Package hyperref Warning: Token not allowed in a PDF string (PDFDocEncoding):
(hyperref)                removing `math shift' on input line 131.

(section1.tex

Package hyperref Warning: Token not allowed in a PDF string (PDFDocEncoding):
(hyperref)                removing `math shift' on input line 3.


Package hyperref Warning: Token not allowed in a PDF string (PDFDocEncoding):
(hyperref)                removing `\omega' on input line 3.


Package hyperref Warning: Token not allowed in a PDF string (PDFDocEncoding):
(hyperref)                removing `math shift' on input line 3.

[10]
<setSensors_1.pdf, id=300, 315.8771pt x 290.85262pt>
File: setSensors_1.pdf Graphic file (type pdf)
<use setSensors_1.pdf>
Package pdftex.def Info: setSensors_1.pdf  used on input line 19.
(pdftex.def)             Requested size: 157.93816pt x 145.42595pt.

Overfull \hbox (17.53673pt too wide) in paragraph at lines 19--20
[][] 
 []

<setSensors_2.pdf, id=301, 315.8771pt x 290.85262pt>
File: setSensors_2.pdf Graphic file (type pdf)
<use setSensors_2.pdf>
Package pdftex.def Info: setSensors_2.pdf  used on input line 23.
(pdftex.def)             Requested size: 157.93816pt x 145.42595pt.

Overfull \hbox (17.53673pt too wide) in paragraph at lines 23--24
[][] 
 []

<setSensors_3.pdf, id=302, 316.27762pt x 290.85262pt>
File: setSensors_3.pdf Graphic file (type pdf)
<use setSensors_3.pdf>
Package pdftex.def Info: setSensors_3.pdf  used on input line 27.
(pdftex.def)             Requested size: 158.13841pt x 145.42595pt.

Overfull \hbox (17.73698pt too wide) in paragraph at lines 27--28
[][] 
 []

<setSensors_4.pdf, id=303, 315.8771pt x 290.85262pt>
File: setSensors_4.pdf Graphic file (type pdf)
<use setSensors_4.pdf>
Package pdftex.def Info: setSensors_4.pdf  used on input line 31.
(pdftex.def)             Requested size: 157.93816pt x 145.42595pt.

Overfull \hbox (17.53673pt too wide) in paragraph at lines 31--32
[][] 
 []

<setSensors_5.pdf, id=304, 315.8771pt x 291.25212pt>
File: setSensors_5.pdf Graphic file (type pdf)
<use setSensors_5.pdf>
Package pdftex.def Info: setSensors_5.pdf  used on input line 35.
(pdftex.def)             Requested size: 157.93816pt x 145.6257pt.

Overfull \hbox (17.53673pt too wide) in paragraph at lines 35--36
[][] 
 []

<setSensors_6.pdf, id=305, 315.8771pt x 291.25212pt>
File: setSensors_6.pdf Graphic file (type pdf)
<use setSensors_6.pdf>
Package pdftex.def Info: setSensors_6.pdf  used on input line 39.
(pdftex.def)             Requested size: 157.93816pt x 145.6257pt.

Overfull \hbox (17.53673pt too wide) in paragraph at lines 39--40
[][] 
 []


Underfull \hbox (badness 10000) in paragraph at lines 18--41

 []


LaTeX Font Warning: Font shape `OT1/cmss/m/it' in size <10> not available
(Font)              Font shape `OT1/cmss/m/sl' tried instead on input line 45.

[11 <./setSensors_1.pdf> <./setSensors_2.pdf> <./setSensors_3.pdf> <./setSensor
s_4.pdf> <./setSensors_5.pdf> <./setSensors_6.pdf>]
LaTeX Font Info:    Try loading font information for OMS+cmss on input line 144
.
LaTeX Font Info:    No file OMScmss.fd. on input line 144.


LaTeX Font Warning: Font shape `OMS/cmss/m/n' undefined
(Font)              using `OMS/cmsy/m/n' instead
(Font)              for symbol `textbraceleft' on input line 144.

LaTeX Font Info:    Try loading font information for OMS+cmtt on input line 158
.
LaTeX Font Info:    No file OMScmtt.fd. on input line 158.

LaTeX Font Warning: Font shape `OMS/cmtt/m/n' undefined
(Font)              using `OMS/cmsy/m/n' instead
(Font)              for symbol `textbraceleft' on input line 158.

<Dynamic_Partition.pdf, id=361, 273.68446pt x 249.79422pt>
File: Dynamic_Partition.pdf Graphic file (type pdf)
<use Dynamic_Partition.pdf>
Package pdftex.def Info: Dynamic_Partition.pdf  used on input line 173.
(pdftex.def)             Requested size: 273.68379pt x 249.7936pt.
[12]
Overfull \hbox (15.0pt too wide) detected at line 229
[][] 
 []

[13 <./Dynamic_Partition.pdf>])

Package hyperref Warning: Token not allowed in a PDF string (PDFDocEncoding):
(hyperref)                removing `math shift' on input line 134.


Package hyperref Warning: Token not allowed in a PDF string (PDFDocEncoding):
(hyperref)                removing `\omega' on input line 134.


Package hyperref Warning: Token not allowed in a PDF string (PDFDocEncoding):
(hyperref)                removing `math shift' on input line 134.

(section_2.tex [14]

LaTeX Warning: Reference `barrier' on page 15 undefined on input line 15.

) (ExperimentalResults.tex

LaTeX Warning: `!h' float specifier changed to `!ht'.


LaTeX Warning: `!h' float specifier changed to `!ht'.


Package hyperref Warning: Token not allowed in a PDF string (PDFDocEncoding):
(hyperref)                removing `math shift' on input line 40.


Package hyperref Warning: Token not allowed in a PDF string (PDFDocEncoding):
(hyperref)                removing `\omega' on input line 40.


Package hyperref Warning: Token not allowed in a PDF string (PDFDocEncoding):
(hyperref)                removing `math shift' on input line 40.

[15]
<Hinhanh/OmegaEffect/coverage/k4.pdf, id=428, 253.5874pt x 210.2545pt>
File: Hinhanh/OmegaEffect/coverage/k4.pdf Graphic file (type pdf)
<use Hinhanh/OmegaEffect/coverage/k4.pdf>
Package pdftex.def Info: Hinhanh/OmegaEffect/coverage/k4.pdf  used on input lin
e 51.
(pdftex.def)             Requested size: 202.8702pt x 168.20381pt.
<Hinhanh/OmegaEffect/coverage/k3.pdf, id=429, 253.5874pt x 210.26154pt>
File: Hinhanh/OmegaEffect/coverage/k3.pdf Graphic file (type pdf)
<use Hinhanh/OmegaEffect/coverage/k3.pdf>
Package pdftex.def Info: Hinhanh/OmegaEffect/coverage/k3.pdf  used on input lin
e 57.
(pdftex.def)             Requested size: 202.8702pt x 168.20944pt.

Overfull \hbox (1.67pt too wide) in paragraph at lines 49--60
[][] [] 
 []


LaTeX Warning: `h' float specifier changed to `ht'.

<Hinhanh/OmegaEffect/time/k3.pdf, id=430, 268.56537pt x 210.2515pt>
File: Hinhanh/OmegaEffect/time/k3.pdf Graphic file (type pdf)
<use Hinhanh/OmegaEffect/time/k3.pdf>
Package pdftex.def Info: Hinhanh/OmegaEffect/time/k3.pdf  used on input line 67
.
(pdftex.def)             Requested size: 214.85257pt x 168.20142pt.
<Hinhanh/OmegaEffect/time/k4.pdf, id=431, 268.56537pt x 210.2545pt>
File: Hinhanh/OmegaEffect/time/k4.pdf Graphic file (type pdf)
<use Hinhanh/OmegaEffect/time/k4.pdf>
Package pdftex.def Info: Hinhanh/OmegaEffect/time/k4.pdf  used on input line 72
.
(pdftex.def)             Requested size: 214.85257pt x 168.20381pt.

Overfull \hbox (1.67pt too wide) in paragraph at lines 65--75
[][] [] 
 []


LaTeX Warning: `h' float specifier changed to `ht'.

<Hinhanh/OmegaEffect/probability/k3.pdf, id=432, 271.53845pt x 208.68565pt>
File: Hinhanh/OmegaEffect/probability/k3.pdf Graphic file (type pdf)
<use Hinhanh/OmegaEffect/probability/k3.pdf>
Package pdftex.def Info: Hinhanh/OmegaEffect/probability/k3.pdf  used on input 
line 82.
(pdftex.def)             Requested size: 217.23105pt x 166.94873pt.
File: Hinhanh/OmegaEffect/probability/k3.pdf Graphic file (type pdf)
<use Hinhanh/OmegaEffect/probability/k3.pdf>
Package pdftex.def Info: Hinhanh/OmegaEffect/probability/k3.pdf  used on input 
line 87.
(pdftex.def)             Requested size: 217.23105pt x 166.94873pt.

Overfull \hbox (1.67pt too wide) in paragraph at lines 80--90
[][] [] 
 []


LaTeX Warning: `h' float specifier changed to `ht'.

<Hinhanh/SensorNumberEffect/coverage/k3omega105.pdf, id=433, 253.5874pt x 212.5
6013pt>
File: Hinhanh/SensorNumberEffect/coverage/k3omega105.pdf Graphic file (type pdf
)
<use Hinhanh/SensorNumberEffect/coverage/k3omega105.pdf>
Package pdftex.def Info: Hinhanh/SensorNumberEffect/coverage/k3omega105.pdf  us
ed on input line 101.
(pdftex.def)             Requested size: 202.8702pt x 170.04832pt.
<Hinhanh/SensorNumberEffect/coverage/k4omega65.pdf, id=434, 253.5874pt x 218.55
351pt>
File: Hinhanh/SensorNumberEffect/coverage/k4omega65.pdf Graphic file (type pdf)

<use Hinhanh/SensorNumberEffect/coverage/k4omega65.pdf>
Package pdftex.def Info: Hinhanh/SensorNumberEffect/coverage/k4omega65.pdf  use
d on input line 106.
(pdftex.def)             Requested size: 202.8702pt x 174.84303pt.

Overfull \hbox (1.67pt too wide) in paragraph at lines 99--109
[]$[]$ $[]$ 
 []


LaTeX Warning: `h' float specifier changed to `ht'.

<Hinhanh/SensorNumberEffect/time/k3omega105.pdf, id=435, 259.54265pt x 212.3152
2pt>
File: Hinhanh/SensorNumberEffect/time/k3omega105.pdf Graphic file (type pdf)
<use Hinhanh/SensorNumberEffect/time/k3omega105.pdf>
Package pdftex.def Info: Hinhanh/SensorNumberEffect/time/k3omega105.pdf  used o
n input line 116.
(pdftex.def)             Requested size: 207.63438pt x 169.85239pt.
<Hinhanh/SensorNumberEffect/time/k4omega65.pdf, id=436, 268.56938pt x 212.31923
pt>
File: Hinhanh/SensorNumberEffect/time/k4omega65.pdf Graphic file (type pdf)
<use Hinhanh/SensorNumberEffect/time/k4omega65.pdf>
Package pdftex.def Info: Hinhanh/SensorNumberEffect/time/k4omega65.pdf  used on
 input line 121.
(pdftex.def)             Requested size: 214.85577pt x 169.85559pt.

Overfull \hbox (1.67pt too wide) in paragraph at lines 114--124
[]$[]$ $[]$ 
 []


LaTeX Warning: `h' float specifier changed to `ht'.

<Hinhanh/SensorNumberEffect/probability/k3omega105.pdf, id=437, 271.5425pt x 21
2.32123pt>
File: Hinhanh/SensorNumberEffect/probability/k3omega105.pdf Graphic file (type 
pdf)
<use Hinhanh/SensorNumberEffect/probability/k3omega105.pdf>
Package pdftex.def Info: Hinhanh/SensorNumberEffect/probability/k3omega105.pdf 
 used on input line 131.
(pdftex.def)             Requested size: 217.23428pt x 169.8572pt.
<Hinhanh/SensorNumberEffect/probability/k4omega65.pdf, id=438, 271.5425pt x 212
.32726pt>
File: Hinhanh/SensorNumberEffect/probability/k4omega65.pdf Graphic file (type p
df)
<use Hinhanh/SensorNumberEffect/probability/k4omega65.pdf>
Package pdftex.def Info: Hinhanh/SensorNumberEffect/probability/k4omega65.pdf  
used on input line 136.
(pdftex.def)             Requested size: 217.23428pt x 169.86201pt.

Overfull \hbox (1.67pt too wide) in paragraph at lines 129--139
[]$[]$ $[]$ 
 []


LaTeX Warning: `h' float specifier changed to `ht'.


Package hyperref Warning: Token not allowed in a PDF string (PDFDocEncoding):
(hyperref)                removing `math shift' on input line 143.


Package hyperref Warning: Token not allowed in a PDF string (PDFDocEncoding):
(hyperref)                removing `math shift' on input line 143.

[16] [17 <./Hinhanh/OmegaEffect/coverage/k4.pdf> <./Hinhanh/OmegaEffect/coverag
e/k3.pdf> <./Hinhanh/OmegaEffect/time/k3.pdf> <./Hinhanh/OmegaEffect/time/k4.pd
f>]
<Hinhanh/kEffect/main.pdf, id=507, 251.29985pt x 208.99681pt>
File: Hinhanh/kEffect/main.pdf Graphic file (type pdf)
<use Hinhanh/kEffect/main.pdf>
Package pdftex.def Info: Hinhanh/kEffect/main.pdf  used on input line 157.
(pdftex.def)             Requested size: 251.29922pt x 208.99629pt.


LaTeX Warning: `h' float specifier changed to `ht'.

) [18 <./Hinhanh/OmegaEffect/probability/k3.pdf> <./Hinhanh/SensorNumberEffect/
coverage/k3omega105.pdf> <./Hinhanh/SensorNumberEffect/coverage/k4omega65.pdf>]
(Elsart_KwAngle08.10.19.bbl [19 <./Hinhanh/SensorNumberEffect/time/k3omega105.p
df> <./Hinhanh/SensorNumberEffect/time/k4omega65.pdf> <./Hinhanh/SensorNumberEf
fect/probability/k3omega105.pdf> <./Hinhanh/SensorNumberEffect/probability/k4om
ega65.pdf>])
Package atveryend Info: Empty hook `BeforeClearDocument' on input line 148.
 [20 <./Hinhanh/kEffect/main.pdf>]
Package atveryend Info: Empty hook `AfterLastShipout' on input line 148.
 (Elsart_KwAngle08.10.19.aux)
Package atveryend Info: Executing hook `AtVeryEndDocument' on input line 148.
Package atveryend Info: Executing hook `AtEndAfterFileList' on input line 148.
Package rerunfilecheck Info: File `Elsart_KwAngle08.10.19.out' has not changed.

(rerunfilecheck)             Checksum: 7EDA58C2A4767CC58A13A1BB6BF632BA;1677.


LaTeX Font Warning: Some font shapes were not available, defaults substituted.


LaTeX Warning: There were undefined references.


LaTeX Warning: There were multiply-defined labels.

Package atveryend Info: Empty hook `AtVeryVeryEnd' on input line 148.
 ) 
Here is how much of TeX's memory you used:
 10669 strings out of 492895
 159293 string characters out of 3133482
 284557 words of memory out of 3000000
 14246 multiletter control sequences out of 15000+200000
 50526 words of font info for 64 fonts, out of 3000000 for 9000
 1141 hyphenation exceptions out of 8191
 42i,38n,40p,1834b,657s stack positions out of 5000i,500n,10000p,200000b,50000s
{C:/Program Files/MiKTeX 2.9/fonts/enc/dvips/tex-gyre/q-rm-sc.enc}{C:/Program
 Files/MiKTeX 2.9/fonts/enc/dvips/tex-gyre/q-rm.enc}<C:/Program Files/MiKTeX 2.
9/fonts/type1/public/amsfonts/cm/cmex10.pfb><C:/Program Files/MiKTeX 2.9/fonts/
type1/public/amsfonts/cmextra/cmex7.pfb><C:/Program Files/MiKTeX 2.9/fonts/type
1/public/amsfonts/cm/cmmi10.pfb><C:/Program Files/MiKTeX 2.9/fonts/type1/public
/amsfonts/cm/cmmi12.pfb><C:/Program Files/MiKTeX 2.9/fonts/type1/public/amsfont
s/cm/cmmi5.pfb><C:/Program Files/MiKTeX 2.9/fonts/type1/public/amsfonts/cm/cmmi
6.pfb><C:/Program Files/MiKTeX 2.9/fonts/type1/public/amsfonts/cm/cmmi7.pfb><C:
/Program Files/MiKTeX 2.9/fonts/type1/public/amsfonts/cm/cmmi8.pfb><C:/Program 
Files/MiKTeX 2.9/fonts/type1/public/amsfonts/cm/cmr10.pfb><C:/Program Files/MiK
TeX 2.9/fonts/type1/public/amsfonts/cm/cmr6.pfb><C:/Program Files/MiKTeX 2.9/fo
nts/type1/public/amsfonts/cm/cmr7.pfb><C:/Program Files/MiKTeX 2.9/fonts/type1/
public/amsfonts/cm/cmr8.pfb><C:/Program Files/MiKTeX 2.9/fonts/type1/public/ams
fonts/cm/cmss10.pfb><C:/Program Files/MiKTeX 2.9/fonts/type1/public/amsfonts/cm
/cmss8.pfb><C:/Program Files/MiKTeX 2.9/fonts/type1/public/amsfonts/cm/cmssi10.
pfb><C:/Program Files/MiKTeX 2.9/fonts/type1/public/amsfonts/cm/cmsy10.pfb><C:/
Program Files/MiKTeX 2.9/fonts/type1/public/amsfonts/cm/cmsy7.pfb><C:/Program F
iles/MiKTeX 2.9/fonts/type1/public/amsfonts/cm/cmsy8.pfb><C:/Program Files/MiKT
eX 2.9/fonts/type1/public/amsfonts/cm/cmtt10.pfb><C:/Program Files/MiKTeX 2.9/f
onts/type1/public/amsfonts/symbols/msbm10.pfb><C:/Program Files/MiKTeX 2.9/font
s/type1/public/tex-gyre/qplb.pfb><C:/Program Files/MiKTeX 2.9/fonts/type1/publi
c/tex-gyre/qplr.pfb><C:/Program Files/MiKTeX 2.9/fonts/type1/public/tex-gyre/qp
lri.pfb>
Output written on Elsart_KwAngle08.10.19.pdf (20 pages, 1216887 bytes).
PDF statistics:
 710 PDF objects out of 1000 (max. 8388607)
 138 named destinations out of 1000 (max. 500000)
 294 words of extra memory for PDF output out of 10000 (max. 10000000)

