\BOOKMARK [1][-]{section.1}{Introduction}{}% 1
\BOOKMARK [1][-]{section.2}{Related works}{}% 2
\BOOKMARK [1][-]{section.3}{Preliminaries and problem formulation}{}% 3
\BOOKMARK [2][-]{subsection.3.1}{Preliminaries}{section.3}% 4
\BOOKMARK [3][-]{subsubsection.3.1.1}{\(k-\) region of a k-sensor list}{subsection.3.1}% 5
\BOOKMARK [3][-]{subsubsection.3.1.2}{Differentiation Coverage Model}{subsection.3.1}% 6
\BOOKMARK [3][-]{subsubsection.3.1.3}{Coverage of a barrier}{subsection.3.1}% 7
\BOOKMARK [2][-]{subsection.3.2}{Problem formulation}{section.3}% 8
\BOOKMARK [3][-]{subsubsection.3.2.1}{Verify the \(k-\) barrier cover}{subsection.3.2}% 9
\BOOKMARK [3][-]{subsubsection.3.2.2}{Evaluate the quality of a \(k-\) barrier}{subsection.3.2}% 10
\BOOKMARK [1][-]{section.4}{Proposed algorithm}{}% 11
\BOOKMARK [2][-]{subsection.4.1}{Verify the \(k-\) barrier cover}{section.4}% 12
\BOOKMARK [3][-]{subsubsection.4.1.1}{\(k-\) verification on a rectangle}{subsection.4.1}% 13
\BOOKMARK [3][-]{subsubsection.4.1.2}{Finding a barrier in a monitoring region}{subsection.4.1}% 14
\BOOKMARK [2][-]{subsection.4.2}{Evaluate the quality of a \(k-\) barrier}{section.4}% 15
\BOOKMARK [1][-]{section.5}{Experimental results}{}% 16
\BOOKMARK [2][-]{subsection.5.1}{Simulation method}{section.5}% 17
\BOOKMARK [2][-]{subsection.5.2}{System settings}{section.5}% 18
\BOOKMARK [2][-]{subsection.5.3}{Parameter settings}{section.5}% 19
\BOOKMARK [2][-]{subsection.5.4}{Computation results}{section.5}% 20
\BOOKMARK [3][-]{subsubsection.5.4.1}{Effect of \040on algorithm performance}{subsection.5.4}% 21
\BOOKMARK [3][-]{subsubsection.5.4.2}{Effect of sensor number on algorithm performance}{subsection.5.4}% 22
\BOOKMARK [3][-]{subsubsection.5.4.3}{Effect of k on algorithm performance}{subsection.5.4}% 23
\BOOKMARK [3][-]{subsubsection.5.4.4}{Compare the devised metric with the traditional coverage models}{subsection.5.4}% 24
\BOOKMARK [1][-]{section.6}{Conclusion}{}% 25
